[2022-08-02 02:40:45,250] {manager.py:514} INFO - Processing files using up to 2 processes at a time 
[2022-08-02 02:40:45,252] {manager.py:515} INFO - Process each file at most once every 30 seconds
[2022-08-02 02:40:45,252] {manager.py:517} INFO - Checking for new files in /opt/airflow/dags every 300 seconds
[2022-08-02 02:40:45,253] {manager.py:663} INFO - Searching for files in /opt/airflow/dags
[2022-08-02 02:40:45,255] {manager.py:666} INFO - There are 0 files in /opt/airflow/dags
[2022-08-02 02:40:45,320] {manager.py:1065} INFO - Finding 'running' jobs without a recent heartbeat
[2022-08-02 02:40:45,321] {manager.py:1069} INFO - Failing jobs without heartbeat after 2022-08-02 02:35:45.321933+00:00
[2022-08-02 02:40:55,373] {manager.py:1065} INFO - Finding 'running' jobs without a recent heartbeat
[2022-08-02 02:40:55,374] {manager.py:1069} INFO - Failing jobs without heartbeat after 2022-08-02 02:35:55.374672+00:00
[2022-08-02 02:41:05,389] {manager.py:1065} INFO - Finding 'running' jobs without a recent heartbeat
[2022-08-02 02:41:05,392] {manager.py:1069} INFO - Failing jobs without heartbeat after 2022-08-02 02:36:05.392001+00:00
[2022-08-02 02:41:15,434] {manager.py:1065} INFO - Finding 'running' jobs without a recent heartbeat
[2022-08-02 02:41:15,435] {manager.py:1069} INFO - Failing jobs without heartbeat after 2022-08-02 02:36:15.435295+00:00
[2022-08-02 02:41:25,473] {manager.py:1065} INFO - Finding 'running' jobs without a recent heartbeat
[2022-08-02 02:41:25,475] {manager.py:1069} INFO - Failing jobs without heartbeat after 2022-08-02 02:36:25.475328+00:00
[2022-08-02 02:41:35,585] {manager.py:1065} INFO - Finding 'running' jobs without a recent heartbeat
[2022-08-02 02:41:35,586] {manager.py:1069} INFO - Failing jobs without heartbeat after 2022-08-02 02:36:35.585969+00:00
[2022-08-02 02:41:45,616] {manager.py:1065} INFO - Finding 'running' jobs without a recent heartbeat
[2022-08-02 02:41:45,617] {manager.py:1069} INFO - Failing jobs without heartbeat after 2022-08-02 02:36:45.617111+00:00
[2022-08-02 02:41:55,650] {manager.py:1065} INFO - Finding 'running' jobs without a recent heartbeat
[2022-08-02 02:41:55,652] {manager.py:1069} INFO - Failing jobs without heartbeat after 2022-08-02 02:36:55.652018+00:00
[2022-08-02 02:42:05,722] {manager.py:1065} INFO - Finding 'running' jobs without a recent heartbeat
[2022-08-02 02:42:05,724] {manager.py:1069} INFO - Failing jobs without heartbeat after 2022-08-02 02:37:05.724780+00:00
[2022-08-02 02:42:15,761] {manager.py:1065} INFO - Finding 'running' jobs without a recent heartbeat
[2022-08-02 02:42:15,762] {manager.py:1069} INFO - Failing jobs without heartbeat after 2022-08-02 02:37:15.761974+00:00
[2022-08-02 02:42:25,802] {manager.py:1065} INFO - Finding 'running' jobs without a recent heartbeat
[2022-08-02 02:42:25,805] {manager.py:1069} INFO - Failing jobs without heartbeat after 2022-08-02 02:37:25.804917+00:00
[2022-08-02 02:42:35,906] {manager.py:1065} INFO - Finding 'running' jobs without a recent heartbeat
[2022-08-02 02:42:35,906] {manager.py:1069} INFO - Failing jobs without heartbeat after 2022-08-02 02:37:35.906840+00:00
[2022-08-02 02:42:45,963] {manager.py:1065} INFO - Finding 'running' jobs without a recent heartbeat
[2022-08-02 02:42:45,965] {manager.py:1069} INFO - Failing jobs without heartbeat after 2022-08-02 02:37:45.965220+00:00
[2022-08-02 02:42:55,997] {manager.py:1065} INFO - Finding 'running' jobs without a recent heartbeat
[2022-08-02 02:42:55,998] {manager.py:1069} INFO - Failing jobs without heartbeat after 2022-08-02 02:37:55.998549+00:00
[2022-08-02 02:43:06,073] {manager.py:1065} INFO - Finding 'running' jobs without a recent heartbeat
[2022-08-02 02:43:06,075] {manager.py:1069} INFO - Failing jobs without heartbeat after 2022-08-02 02:38:06.075208+00:00
[2022-08-02 02:43:16,112] {manager.py:1065} INFO - Finding 'running' jobs without a recent heartbeat
[2022-08-02 02:43:16,114] {manager.py:1069} INFO - Failing jobs without heartbeat after 2022-08-02 02:38:16.114542+00:00
[2022-08-02 02:43:26,148] {manager.py:1065} INFO - Finding 'running' jobs without a recent heartbeat
[2022-08-02 02:43:26,150] {manager.py:1069} INFO - Failing jobs without heartbeat after 2022-08-02 02:38:26.150716+00:00
[2022-08-02 02:43:36,242] {manager.py:1065} INFO - Finding 'running' jobs without a recent heartbeat
[2022-08-02 02:43:36,247] {manager.py:1069} INFO - Failing jobs without heartbeat after 2022-08-02 02:38:36.247840+00:00
[2022-08-02 02:43:46,283] {manager.py:1065} INFO - Finding 'running' jobs without a recent heartbeat
[2022-08-02 02:43:46,292] {manager.py:1069} INFO - Failing jobs without heartbeat after 2022-08-02 02:38:46.292124+00:00
[2022-08-02 02:43:56,330] {manager.py:1065} INFO - Finding 'running' jobs without a recent heartbeat
[2022-08-02 02:43:56,331] {manager.py:1069} INFO - Failing jobs without heartbeat after 2022-08-02 02:38:56.331618+00:00
[2022-08-02 02:44:06,412] {manager.py:1065} INFO - Finding 'running' jobs without a recent heartbeat
[2022-08-02 02:44:06,413] {manager.py:1069} INFO - Failing jobs without heartbeat after 2022-08-02 02:39:06.413325+00:00
[2022-08-02 02:44:16,450] {manager.py:1065} INFO - Finding 'running' jobs without a recent heartbeat
[2022-08-02 02:44:16,452] {manager.py:1069} INFO - Failing jobs without heartbeat after 2022-08-02 02:39:16.452201+00:00
[2022-08-02 02:44:26,486] {manager.py:1065} INFO - Finding 'running' jobs without a recent heartbeat
[2022-08-02 02:44:26,488] {manager.py:1069} INFO - Failing jobs without heartbeat after 2022-08-02 02:39:26.487928+00:00
[2022-08-02 02:44:36,574] {manager.py:1065} INFO - Finding 'running' jobs without a recent heartbeat
[2022-08-02 02:44:36,575] {manager.py:1069} INFO - Failing jobs without heartbeat after 2022-08-02 02:39:36.575055+00:00
[2022-08-02 02:44:46,609] {manager.py:1065} INFO - Finding 'running' jobs without a recent heartbeat
[2022-08-02 02:44:46,610] {manager.py:1069} INFO - Failing jobs without heartbeat after 2022-08-02 02:39:46.610423+00:00
[2022-08-02 02:44:56,646] {manager.py:1065} INFO - Finding 'running' jobs without a recent heartbeat
[2022-08-02 02:44:56,647] {manager.py:1069} INFO - Failing jobs without heartbeat after 2022-08-02 02:39:56.647049+00:00
[2022-08-02 02:45:06,737] {manager.py:1065} INFO - Finding 'running' jobs without a recent heartbeat
[2022-08-02 02:45:06,739] {manager.py:1069} INFO - Failing jobs without heartbeat after 2022-08-02 02:40:06.739454+00:00
[2022-08-02 02:45:16,774] {manager.py:1065} INFO - Finding 'running' jobs without a recent heartbeat
[2022-08-02 02:45:16,775] {manager.py:1069} INFO - Failing jobs without heartbeat after 2022-08-02 02:40:16.775252+00:00
[2022-08-02 02:45:26,813] {manager.py:1065} INFO - Finding 'running' jobs without a recent heartbeat
[2022-08-02 02:45:26,814] {manager.py:1069} INFO - Failing jobs without heartbeat after 2022-08-02 02:40:26.814707+00:00
[2022-08-02 02:45:36,891] {manager.py:1065} INFO - Finding 'running' jobs without a recent heartbeat
[2022-08-02 02:45:36,893] {manager.py:1069} INFO - Failing jobs without heartbeat after 2022-08-02 02:40:36.893136+00:00
[2022-08-02 02:45:45,925] {manager.py:663} INFO - Searching for files in /opt/airflow/dags
[2022-08-02 02:45:45,928] {manager.py:666} INFO - There are 0 files in /opt/airflow/dags
[2022-08-02 02:45:46,944] {manager.py:1065} INFO - Finding 'running' jobs without a recent heartbeat
[2022-08-02 02:45:46,945] {manager.py:1069} INFO - Failing jobs without heartbeat after 2022-08-02 02:40:46.944944+00:00
[2022-08-02 02:45:56,979] {manager.py:1065} INFO - Finding 'running' jobs without a recent heartbeat
[2022-08-02 02:45:56,980] {manager.py:1069} INFO - Failing jobs without heartbeat after 2022-08-02 02:40:56.980826+00:00
[2022-08-02 02:46:07,073] {manager.py:1065} INFO - Finding 'running' jobs without a recent heartbeat
[2022-08-02 02:46:07,074] {manager.py:1069} INFO - Failing jobs without heartbeat after 2022-08-02 02:41:07.074430+00:00
[2022-08-02 02:46:17,105] {manager.py:1065} INFO - Finding 'running' jobs without a recent heartbeat
[2022-08-02 02:46:17,107] {manager.py:1069} INFO - Failing jobs without heartbeat after 2022-08-02 02:41:17.107372+00:00
[2022-08-02 02:46:27,145] {manager.py:1065} INFO - Finding 'running' jobs without a recent heartbeat
[2022-08-02 02:46:27,146] {manager.py:1069} INFO - Failing jobs without heartbeat after 2022-08-02 02:41:27.146897+00:00
[2022-08-02 02:46:37,205] {manager.py:1065} INFO - Finding 'running' jobs without a recent heartbeat
[2022-08-02 02:46:37,207] {manager.py:1069} INFO - Failing jobs without heartbeat after 2022-08-02 02:41:37.207487+00:00
[2022-08-02 02:46:47,247] {manager.py:1065} INFO - Finding 'running' jobs without a recent heartbeat
[2022-08-02 02:46:47,248] {manager.py:1069} INFO - Failing jobs without heartbeat after 2022-08-02 02:41:47.248286+00:00
[2022-08-02 02:46:57,281] {manager.py:1065} INFO - Finding 'running' jobs without a recent heartbeat
[2022-08-02 02:46:57,283] {manager.py:1069} INFO - Failing jobs without heartbeat after 2022-08-02 02:41:57.283618+00:00
[2022-08-02 02:47:07,339] {manager.py:1065} INFO - Finding 'running' jobs without a recent heartbeat
[2022-08-02 02:47:07,342] {manager.py:1069} INFO - Failing jobs without heartbeat after 2022-08-02 02:42:07.341896+00:00
[2022-08-02 02:47:17,383] {manager.py:1065} INFO - Finding 'running' jobs without a recent heartbeat
[2022-08-02 02:47:17,384] {manager.py:1069} INFO - Failing jobs without heartbeat after 2022-08-02 02:42:17.384887+00:00
[2022-08-02 02:47:27,424] {manager.py:1065} INFO - Finding 'running' jobs without a recent heartbeat
[2022-08-02 02:47:27,426] {manager.py:1069} INFO - Failing jobs without heartbeat after 2022-08-02 02:42:27.426765+00:00
[2022-08-02 02:47:37,589] {manager.py:1065} INFO - Finding 'running' jobs without a recent heartbeat
[2022-08-02 02:47:37,590] {manager.py:1069} INFO - Failing jobs without heartbeat after 2022-08-02 02:42:37.590789+00:00
[2022-08-02 02:47:47,628] {manager.py:1065} INFO - Finding 'running' jobs without a recent heartbeat
[2022-08-02 02:47:47,629] {manager.py:1069} INFO - Failing jobs without heartbeat after 2022-08-02 02:42:47.629766+00:00
[2022-08-02 02:47:57,668] {manager.py:1065} INFO - Finding 'running' jobs without a recent heartbeat
[2022-08-02 02:47:57,670] {manager.py:1069} INFO - Failing jobs without heartbeat after 2022-08-02 02:42:57.670426+00:00
[2022-08-02 02:48:07,756] {manager.py:1065} INFO - Finding 'running' jobs without a recent heartbeat
[2022-08-02 02:48:07,758] {manager.py:1069} INFO - Failing jobs without heartbeat after 2022-08-02 02:43:07.758080+00:00
[2022-08-02 02:48:17,796] {manager.py:1065} INFO - Finding 'running' jobs without a recent heartbeat
[2022-08-02 02:48:17,798] {manager.py:1069} INFO - Failing jobs without heartbeat after 2022-08-02 02:43:17.798112+00:00
[2022-08-02 02:48:27,838] {manager.py:1065} INFO - Finding 'running' jobs without a recent heartbeat
[2022-08-02 02:48:27,839] {manager.py:1069} INFO - Failing jobs without heartbeat after 2022-08-02 02:43:27.839118+00:00
[2022-08-02 02:48:37,895] {manager.py:1065} INFO - Finding 'running' jobs without a recent heartbeat
[2022-08-02 02:48:37,896] {manager.py:1069} INFO - Failing jobs without heartbeat after 2022-08-02 02:43:37.896867+00:00
[2022-08-02 02:48:47,927] {manager.py:1065} INFO - Finding 'running' jobs without a recent heartbeat
[2022-08-02 02:48:47,929] {manager.py:1069} INFO - Failing jobs without heartbeat after 2022-08-02 02:43:47.929085+00:00
[2022-08-02 02:48:57,974] {manager.py:1065} INFO - Finding 'running' jobs without a recent heartbeat
[2022-08-02 02:48:57,974] {manager.py:1069} INFO - Failing jobs without heartbeat after 2022-08-02 02:43:57.974780+00:00
[2022-08-02 02:49:08,078] {manager.py:1065} INFO - Finding 'running' jobs without a recent heartbeat
[2022-08-02 02:49:08,079] {manager.py:1069} INFO - Failing jobs without heartbeat after 2022-08-02 02:44:08.079895+00:00
[2022-08-02 02:49:18,115] {manager.py:1065} INFO - Finding 'running' jobs without a recent heartbeat
[2022-08-02 02:49:18,117] {manager.py:1069} INFO - Failing jobs without heartbeat after 2022-08-02 02:44:18.117264+00:00
[2022-08-02 02:49:28,152] {manager.py:1065} INFO - Finding 'running' jobs without a recent heartbeat
[2022-08-02 02:49:28,153] {manager.py:1069} INFO - Failing jobs without heartbeat after 2022-08-02 02:44:28.153528+00:00
[2022-08-02 02:49:38,225] {manager.py:1065} INFO - Finding 'running' jobs without a recent heartbeat
[2022-08-02 02:49:38,226] {manager.py:1069} INFO - Failing jobs without heartbeat after 2022-08-02 02:44:38.226645+00:00
[2022-08-02 02:49:48,259] {manager.py:1065} INFO - Finding 'running' jobs without a recent heartbeat
[2022-08-02 02:49:48,261] {manager.py:1069} INFO - Failing jobs without heartbeat after 2022-08-02 02:44:48.260932+00:00
[2022-08-02 02:49:58,296] {manager.py:1065} INFO - Finding 'running' jobs without a recent heartbeat
[2022-08-02 02:49:58,297] {manager.py:1069} INFO - Failing jobs without heartbeat after 2022-08-02 02:44:58.297877+00:00
[2022-08-02 02:50:08,399] {manager.py:1065} INFO - Finding 'running' jobs without a recent heartbeat
[2022-08-02 02:50:08,400] {manager.py:1069} INFO - Failing jobs without heartbeat after 2022-08-02 02:45:08.400470+00:00
[2022-08-02 02:50:18,434] {manager.py:1065} INFO - Finding 'running' jobs without a recent heartbeat
[2022-08-02 02:50:18,435] {manager.py:1069} INFO - Failing jobs without heartbeat after 2022-08-02 02:45:18.435586+00:00
[2022-08-02 02:50:28,469] {manager.py:1065} INFO - Finding 'running' jobs without a recent heartbeat
[2022-08-02 02:50:28,470] {manager.py:1069} INFO - Failing jobs without heartbeat after 2022-08-02 02:45:28.470603+00:00
[2022-08-02 02:50:38,540] {manager.py:1065} INFO - Finding 'running' jobs without a recent heartbeat
[2022-08-02 02:50:38,542] {manager.py:1069} INFO - Failing jobs without heartbeat after 2022-08-02 02:45:38.542421+00:00
[2022-08-02 02:50:46,578] {manager.py:663} INFO - Searching for files in /opt/airflow/dags
[2022-08-02 02:50:46,582] {manager.py:666} INFO - There are 0 files in /opt/airflow/dags
[2022-08-02 02:50:48,607] {manager.py:1065} INFO - Finding 'running' jobs without a recent heartbeat
[2022-08-02 02:50:48,608] {manager.py:1069} INFO - Failing jobs without heartbeat after 2022-08-02 02:45:48.608712+00:00
[2022-08-02 02:50:58,647] {manager.py:1065} INFO - Finding 'running' jobs without a recent heartbeat
[2022-08-02 02:50:58,649] {manager.py:1069} INFO - Failing jobs without heartbeat after 2022-08-02 02:45:58.649389+00:00
[2022-08-02 02:51:08,748] {manager.py:1065} INFO - Finding 'running' jobs without a recent heartbeat
[2022-08-02 02:51:08,749] {manager.py:1069} INFO - Failing jobs without heartbeat after 2022-08-02 02:46:08.749332+00:00
[2022-08-02 02:51:18,786] {manager.py:1065} INFO - Finding 'running' jobs without a recent heartbeat
[2022-08-02 02:51:18,787] {manager.py:1069} INFO - Failing jobs without heartbeat after 2022-08-02 02:46:18.787544+00:00
[2022-08-02 02:51:28,823] {manager.py:1065} INFO - Finding 'running' jobs without a recent heartbeat
[2022-08-02 02:51:28,824] {manager.py:1069} INFO - Failing jobs without heartbeat after 2022-08-02 02:46:28.824845+00:00
[2022-08-02 02:51:38,898] {manager.py:1065} INFO - Finding 'running' jobs without a recent heartbeat
[2022-08-02 02:51:38,900] {manager.py:1069} INFO - Failing jobs without heartbeat after 2022-08-02 02:46:38.900826+00:00
[2022-08-02 02:51:48,934] {manager.py:1065} INFO - Finding 'running' jobs without a recent heartbeat
[2022-08-02 02:51:48,936] {manager.py:1069} INFO - Failing jobs without heartbeat after 2022-08-02 02:46:48.936433+00:00
[2022-08-02 02:51:58,971] {manager.py:1065} INFO - Finding 'running' jobs without a recent heartbeat
[2022-08-02 02:51:58,973] {manager.py:1069} INFO - Failing jobs without heartbeat after 2022-08-02 02:46:58.972943+00:00
[2022-08-02 02:52:09,061] {manager.py:1065} INFO - Finding 'running' jobs without a recent heartbeat
[2022-08-02 02:52:09,062] {manager.py:1069} INFO - Failing jobs without heartbeat after 2022-08-02 02:47:09.062647+00:00
[2022-08-02 02:52:19,094] {manager.py:1065} INFO - Finding 'running' jobs without a recent heartbeat
[2022-08-02 02:52:19,096] {manager.py:1069} INFO - Failing jobs without heartbeat after 2022-08-02 02:47:19.095939+00:00
[2022-08-02 02:52:29,130] {manager.py:1065} INFO - Finding 'running' jobs without a recent heartbeat
[2022-08-02 02:52:29,131] {manager.py:1069} INFO - Failing jobs without heartbeat after 2022-08-02 02:47:29.131396+00:00
[2022-08-02 02:52:39,220] {manager.py:1065} INFO - Finding 'running' jobs without a recent heartbeat
[2022-08-02 02:52:39,222] {manager.py:1069} INFO - Failing jobs without heartbeat after 2022-08-02 02:47:39.222475+00:00
[2022-08-02 02:52:49,261] {manager.py:1065} INFO - Finding 'running' jobs without a recent heartbeat
[2022-08-02 02:52:49,263] {manager.py:1069} INFO - Failing jobs without heartbeat after 2022-08-02 02:47:49.263192+00:00
[2022-08-02 02:52:59,300] {manager.py:1065} INFO - Finding 'running' jobs without a recent heartbeat
[2022-08-02 02:52:59,302] {manager.py:1069} INFO - Failing jobs without heartbeat after 2022-08-02 02:47:59.302676+00:00
[2022-08-02 02:53:09,380] {manager.py:1065} INFO - Finding 'running' jobs without a recent heartbeat
[2022-08-02 02:53:09,381] {manager.py:1069} INFO - Failing jobs without heartbeat after 2022-08-02 02:48:09.381041+00:00
[2022-08-02 02:53:19,413] {manager.py:1065} INFO - Finding 'running' jobs without a recent heartbeat
[2022-08-02 02:53:19,414] {manager.py:1069} INFO - Failing jobs without heartbeat after 2022-08-02 02:48:19.414217+00:00
[2022-08-02 02:53:29,448] {manager.py:1065} INFO - Finding 'running' jobs without a recent heartbeat
[2022-08-02 02:53:29,450] {manager.py:1069} INFO - Failing jobs without heartbeat after 2022-08-02 02:48:29.450496+00:00
[2022-08-02 02:53:39,555] {manager.py:1065} INFO - Finding 'running' jobs without a recent heartbeat
[2022-08-02 02:53:39,557] {manager.py:1069} INFO - Failing jobs without heartbeat after 2022-08-02 02:48:39.557766+00:00
[2022-08-02 02:53:49,592] {manager.py:1065} INFO - Finding 'running' jobs without a recent heartbeat
[2022-08-02 02:53:49,594] {manager.py:1069} INFO - Failing jobs without heartbeat after 2022-08-02 02:48:49.593976+00:00
[2022-08-02 02:53:59,628] {manager.py:1065} INFO - Finding 'running' jobs without a recent heartbeat
[2022-08-02 02:53:59,629] {manager.py:1069} INFO - Failing jobs without heartbeat after 2022-08-02 02:48:59.629177+00:00
[2022-08-02 02:54:09,695] {manager.py:1065} INFO - Finding 'running' jobs without a recent heartbeat
[2022-08-02 02:54:09,696] {manager.py:1069} INFO - Failing jobs without heartbeat after 2022-08-02 02:49:09.696124+00:00
[2022-08-02 02:54:19,738] {manager.py:1065} INFO - Finding 'running' jobs without a recent heartbeat
[2022-08-02 02:54:19,739] {manager.py:1069} INFO - Failing jobs without heartbeat after 2022-08-02 02:49:19.739049+00:00
[2022-08-02 02:54:29,774] {manager.py:1065} INFO - Finding 'running' jobs without a recent heartbeat
[2022-08-02 02:54:29,775] {manager.py:1069} INFO - Failing jobs without heartbeat after 2022-08-02 02:49:29.775396+00:00
[2022-08-02 02:54:39,888] {manager.py:1065} INFO - Finding 'running' jobs without a recent heartbeat
[2022-08-02 02:54:39,889] {manager.py:1069} INFO - Failing jobs without heartbeat after 2022-08-02 02:49:39.889291+00:00
[2022-08-02 02:54:49,925] {manager.py:1065} INFO - Finding 'running' jobs without a recent heartbeat
[2022-08-02 02:54:49,927] {manager.py:1069} INFO - Failing jobs without heartbeat after 2022-08-02 02:49:49.926877+00:00
[2022-08-02 02:54:59,964] {manager.py:1065} INFO - Finding 'running' jobs without a recent heartbeat
[2022-08-02 02:54:59,965] {manager.py:1069} INFO - Failing jobs without heartbeat after 2022-08-02 02:49:59.965259+00:00
[2022-08-02 02:55:10,029] {manager.py:1065} INFO - Finding 'running' jobs without a recent heartbeat
[2022-08-02 02:55:10,030] {manager.py:1069} INFO - Failing jobs without heartbeat after 2022-08-02 02:50:10.030406+00:00
[2022-08-02 02:55:20,064] {manager.py:1065} INFO - Finding 'running' jobs without a recent heartbeat
[2022-08-02 02:55:20,065] {manager.py:1069} INFO - Failing jobs without heartbeat after 2022-08-02 02:50:20.065598+00:00
[2022-08-02 02:55:30,102] {manager.py:1065} INFO - Finding 'running' jobs without a recent heartbeat
[2022-08-02 02:55:30,103] {manager.py:1069} INFO - Failing jobs without heartbeat after 2022-08-02 02:50:30.103759+00:00
[2022-08-02 02:55:40,219] {manager.py:1065} INFO - Finding 'running' jobs without a recent heartbeat
[2022-08-02 02:55:40,221] {manager.py:1069} INFO - Failing jobs without heartbeat after 2022-08-02 02:50:40.221046+00:00
[2022-08-02 02:55:47,249] {manager.py:663} INFO - Searching for files in /opt/airflow/dags
[2022-08-02 02:55:47,252] {manager.py:666} INFO - There are 0 files in /opt/airflow/dags
[2022-08-02 02:55:50,272] {manager.py:1065} INFO - Finding 'running' jobs without a recent heartbeat
[2022-08-02 02:55:50,274] {manager.py:1069} INFO - Failing jobs without heartbeat after 2022-08-02 02:50:50.274334+00:00
[2022-08-02 02:56:00,332] {manager.py:1065} INFO - Finding 'running' jobs without a recent heartbeat
[2022-08-02 02:56:00,333] {manager.py:1069} INFO - Failing jobs without heartbeat after 2022-08-02 02:51:00.333607+00:00
[2022-08-02 02:56:10,394] {manager.py:1065} INFO - Finding 'running' jobs without a recent heartbeat
[2022-08-02 02:56:10,395] {manager.py:1069} INFO - Failing jobs without heartbeat after 2022-08-02 02:51:10.395895+00:00
[2022-08-02 02:56:20,434] {manager.py:1065} INFO - Finding 'running' jobs without a recent heartbeat
[2022-08-02 02:56:20,435] {manager.py:1069} INFO - Failing jobs without heartbeat after 2022-08-02 02:51:20.435517+00:00
[2022-08-02 02:56:30,472] {manager.py:1065} INFO - Finding 'running' jobs without a recent heartbeat
[2022-08-02 02:56:30,474] {manager.py:1069} INFO - Failing jobs without heartbeat after 2022-08-02 02:51:30.474009+00:00
[2022-08-02 02:56:40,591] {manager.py:1065} INFO - Finding 'running' jobs without a recent heartbeat
[2022-08-02 02:56:40,593] {manager.py:1069} INFO - Failing jobs without heartbeat after 2022-08-02 02:51:40.593662+00:00
[2022-08-02 02:56:50,638] {manager.py:1065} INFO - Finding 'running' jobs without a recent heartbeat
[2022-08-02 02:56:50,640] {manager.py:1069} INFO - Failing jobs without heartbeat after 2022-08-02 02:51:50.640686+00:00
[2022-08-02 02:57:00,684] {manager.py:1065} INFO - Finding 'running' jobs without a recent heartbeat
[2022-08-02 02:57:00,685] {manager.py:1069} INFO - Failing jobs without heartbeat after 2022-08-02 02:52:00.685606+00:00
[2022-08-02 02:57:10,763] {manager.py:1065} INFO - Finding 'running' jobs without a recent heartbeat
[2022-08-02 02:57:10,764] {manager.py:1069} INFO - Failing jobs without heartbeat after 2022-08-02 02:52:10.764276+00:00
[2022-08-02 02:57:20,797] {manager.py:1065} INFO - Finding 'running' jobs without a recent heartbeat
[2022-08-02 02:57:20,798] {manager.py:1069} INFO - Failing jobs without heartbeat after 2022-08-02 02:52:20.798568+00:00
[2022-08-02 02:57:30,842] {manager.py:1065} INFO - Finding 'running' jobs without a recent heartbeat
[2022-08-02 02:57:30,845] {manager.py:1069} INFO - Failing jobs without heartbeat after 2022-08-02 02:52:30.844949+00:00
[2022-08-02 02:57:40,956] {manager.py:1065} INFO - Finding 'running' jobs without a recent heartbeat
[2022-08-02 02:57:40,958] {manager.py:1069} INFO - Failing jobs without heartbeat after 2022-08-02 02:52:40.958285+00:00
[2022-08-02 02:57:51,003] {manager.py:1065} INFO - Finding 'running' jobs without a recent heartbeat
[2022-08-02 02:57:51,004] {manager.py:1069} INFO - Failing jobs without heartbeat after 2022-08-02 02:52:51.004847+00:00
[2022-08-02 02:58:01,044] {manager.py:1065} INFO - Finding 'running' jobs without a recent heartbeat
[2022-08-02 02:58:01,046] {manager.py:1069} INFO - Failing jobs without heartbeat after 2022-08-02 02:53:01.046090+00:00
[2022-08-02 02:58:11,120] {manager.py:1065} INFO - Finding 'running' jobs without a recent heartbeat
[2022-08-02 02:58:11,121] {manager.py:1069} INFO - Failing jobs without heartbeat after 2022-08-02 02:53:11.121582+00:00
[2022-08-02 02:58:21,162] {manager.py:1065} INFO - Finding 'running' jobs without a recent heartbeat
[2022-08-02 02:58:21,164] {manager.py:1069} INFO - Failing jobs without heartbeat after 2022-08-02 02:53:21.164393+00:00
[2022-08-02 02:58:31,206] {manager.py:1065} INFO - Finding 'running' jobs without a recent heartbeat
[2022-08-02 02:58:31,208] {manager.py:1069} INFO - Failing jobs without heartbeat after 2022-08-02 02:53:31.208476+00:00
[2022-08-02 02:58:41,312] {manager.py:1065} INFO - Finding 'running' jobs without a recent heartbeat
[2022-08-02 02:58:41,314] {manager.py:1069} INFO - Failing jobs without heartbeat after 2022-08-02 02:53:41.314738+00:00
[2022-08-02 02:58:51,355] {manager.py:1065} INFO - Finding 'running' jobs without a recent heartbeat
[2022-08-02 02:58:51,357] {manager.py:1069} INFO - Failing jobs without heartbeat after 2022-08-02 02:53:51.357458+00:00
[2022-08-02 02:59:01,397] {manager.py:1065} INFO - Finding 'running' jobs without a recent heartbeat
[2022-08-02 02:59:01,399] {manager.py:1069} INFO - Failing jobs without heartbeat after 2022-08-02 02:54:01.399349+00:00
[2022-08-02 02:59:11,482] {manager.py:1065} INFO - Finding 'running' jobs without a recent heartbeat
[2022-08-02 02:59:11,484] {manager.py:1069} INFO - Failing jobs without heartbeat after 2022-08-02 02:54:11.484394+00:00
[2022-08-02 02:59:21,525] {manager.py:1065} INFO - Finding 'running' jobs without a recent heartbeat
[2022-08-02 02:59:21,527] {manager.py:1069} INFO - Failing jobs without heartbeat after 2022-08-02 02:54:21.527334+00:00
[2022-08-02 02:59:31,567] {manager.py:1065} INFO - Finding 'running' jobs without a recent heartbeat
[2022-08-02 02:59:31,569] {manager.py:1069} INFO - Failing jobs without heartbeat after 2022-08-02 02:54:31.569080+00:00
[2022-08-02 02:59:41,664] {manager.py:1065} INFO - Finding 'running' jobs without a recent heartbeat
[2022-08-02 02:59:41,666] {manager.py:1069} INFO - Failing jobs without heartbeat after 2022-08-02 02:54:41.666730+00:00
[2022-08-02 02:59:51,711] {manager.py:1065} INFO - Finding 'running' jobs without a recent heartbeat
[2022-08-02 02:59:51,713] {manager.py:1069} INFO - Failing jobs without heartbeat after 2022-08-02 02:54:51.713154+00:00
[2022-08-02 03:00:01,753] {manager.py:1065} INFO - Finding 'running' jobs without a recent heartbeat
[2022-08-02 03:00:01,754] {manager.py:1069} INFO - Failing jobs without heartbeat after 2022-08-02 02:55:01.754878+00:00
[2022-08-02 03:00:11,842] {manager.py:1065} INFO - Finding 'running' jobs without a recent heartbeat
[2022-08-02 03:00:11,844] {manager.py:1069} INFO - Failing jobs without heartbeat after 2022-08-02 02:55:11.844644+00:00
[2022-08-02 03:00:21,888] {manager.py:1065} INFO - Finding 'running' jobs without a recent heartbeat
[2022-08-02 03:00:21,890] {manager.py:1069} INFO - Failing jobs without heartbeat after 2022-08-02 02:55:21.890534+00:00
[2022-08-02 03:00:31,935] {manager.py:1065} INFO - Finding 'running' jobs without a recent heartbeat
[2022-08-02 03:00:31,936] {manager.py:1069} INFO - Failing jobs without heartbeat after 2022-08-02 02:55:31.936711+00:00
[2022-08-02 03:00:42,017] {manager.py:1065} INFO - Finding 'running' jobs without a recent heartbeat
[2022-08-02 03:00:42,018] {manager.py:1069} INFO - Failing jobs without heartbeat after 2022-08-02 02:55:42.018819+00:00
[2022-08-02 03:00:48,044] {manager.py:663} INFO - Searching for files in /opt/airflow/dags
[2022-08-02 03:00:48,054] {manager.py:666} INFO - There are 0 files in /opt/airflow/dags
[2022-08-02 03:00:52,092] {manager.py:1065} INFO - Finding 'running' jobs without a recent heartbeat
[2022-08-02 03:00:52,094] {manager.py:1069} INFO - Failing jobs without heartbeat after 2022-08-02 02:55:52.094429+00:00
[2022-08-02 03:01:02,140] {manager.py:1065} INFO - Finding 'running' jobs without a recent heartbeat
[2022-08-02 03:01:02,142] {manager.py:1069} INFO - Failing jobs without heartbeat after 2022-08-02 02:56:02.142263+00:00
[2022-08-02 03:01:12,252] {manager.py:1065} INFO - Finding 'running' jobs without a recent heartbeat
[2022-08-02 03:01:12,254] {manager.py:1069} INFO - Failing jobs without heartbeat after 2022-08-02 02:56:12.254779+00:00
[2022-08-02 03:01:22,297] {manager.py:1065} INFO - Finding 'running' jobs without a recent heartbeat
[2022-08-02 03:01:22,298] {manager.py:1069} INFO - Failing jobs without heartbeat after 2022-08-02 02:56:22.298313+00:00
[2022-08-02 03:01:32,347] {manager.py:1065} INFO - Finding 'running' jobs without a recent heartbeat
[2022-08-02 03:01:32,349] {manager.py:1069} INFO - Failing jobs without heartbeat after 2022-08-02 02:56:32.348927+00:00
[2022-08-02 03:01:42,413] {manager.py:1065} INFO - Finding 'running' jobs without a recent heartbeat
[2022-08-02 03:01:42,416] {manager.py:1069} INFO - Failing jobs without heartbeat after 2022-08-02 02:56:42.416291+00:00
[2022-08-02 03:01:52,466] {manager.py:1065} INFO - Finding 'running' jobs without a recent heartbeat
[2022-08-02 03:01:52,468] {manager.py:1069} INFO - Failing jobs without heartbeat after 2022-08-02 02:56:52.468078+00:00
[2022-08-02 03:02:02,516] {manager.py:1065} INFO - Finding 'running' jobs without a recent heartbeat
[2022-08-02 03:02:02,518] {manager.py:1069} INFO - Failing jobs without heartbeat after 2022-08-02 02:57:02.518271+00:00
[2022-08-02 03:02:12,635] {manager.py:1065} INFO - Finding 'running' jobs without a recent heartbeat
[2022-08-02 03:02:12,636] {manager.py:1069} INFO - Failing jobs without heartbeat after 2022-08-02 02:57:12.636433+00:00
[2022-08-02 03:02:22,684] {manager.py:1065} INFO - Finding 'running' jobs without a recent heartbeat
[2022-08-02 03:02:22,685] {manager.py:1069} INFO - Failing jobs without heartbeat after 2022-08-02 02:57:22.684976+00:00
[2022-08-02 03:02:32,720] {manager.py:1065} INFO - Finding 'running' jobs without a recent heartbeat
[2022-08-02 03:02:32,722] {manager.py:1069} INFO - Failing jobs without heartbeat after 2022-08-02 02:57:32.722247+00:00
[2022-08-02 03:02:42,794] {manager.py:1065} INFO - Finding 'running' jobs without a recent heartbeat
[2022-08-02 03:02:42,796] {manager.py:1069} INFO - Failing jobs without heartbeat after 2022-08-02 02:57:42.796348+00:00
[2022-08-02 03:02:52,834] {manager.py:1065} INFO - Finding 'running' jobs without a recent heartbeat
[2022-08-02 03:02:52,836] {manager.py:1069} INFO - Failing jobs without heartbeat after 2022-08-02 02:57:52.836134+00:00
[2022-08-02 03:03:02,879] {manager.py:1065} INFO - Finding 'running' jobs without a recent heartbeat
[2022-08-02 03:03:02,881] {manager.py:1069} INFO - Failing jobs without heartbeat after 2022-08-02 02:58:02.881018+00:00
[2022-08-02 03:03:12,997] {manager.py:1065} INFO - Finding 'running' jobs without a recent heartbeat
[2022-08-02 03:03:12,998] {manager.py:1069} INFO - Failing jobs without heartbeat after 2022-08-02 02:58:12.998171+00:00
[2022-08-02 03:03:23,046] {manager.py:1065} INFO - Finding 'running' jobs without a recent heartbeat
[2022-08-02 03:03:23,048] {manager.py:1069} INFO - Failing jobs without heartbeat after 2022-08-02 02:58:23.048253+00:00
[2022-08-02 03:03:33,093] {manager.py:1065} INFO - Finding 'running' jobs without a recent heartbeat
[2022-08-02 03:03:33,096] {manager.py:1069} INFO - Failing jobs without heartbeat after 2022-08-02 02:58:33.095919+00:00
[2022-08-02 03:03:43,156] {manager.py:1065} INFO - Finding 'running' jobs without a recent heartbeat
[2022-08-02 03:03:43,159] {manager.py:1069} INFO - Failing jobs without heartbeat after 2022-08-02 02:58:43.159183+00:00
[2022-08-02 03:03:53,201] {manager.py:1065} INFO - Finding 'running' jobs without a recent heartbeat
[2022-08-02 03:03:53,203] {manager.py:1069} INFO - Failing jobs without heartbeat after 2022-08-02 02:58:53.202972+00:00
[2022-08-02 03:04:03,239] {manager.py:1065} INFO - Finding 'running' jobs without a recent heartbeat
[2022-08-02 03:04:03,240] {manager.py:1069} INFO - Failing jobs without heartbeat after 2022-08-02 02:59:03.239978+00:00
[2022-08-02 03:04:13,356] {manager.py:1065} INFO - Finding 'running' jobs without a recent heartbeat
[2022-08-02 03:04:13,358] {manager.py:1069} INFO - Failing jobs without heartbeat after 2022-08-02 02:59:13.358580+00:00
[2022-08-02 03:04:23,398] {manager.py:1065} INFO - Finding 'running' jobs without a recent heartbeat
[2022-08-02 03:04:23,400] {manager.py:1069} INFO - Failing jobs without heartbeat after 2022-08-02 02:59:23.400624+00:00
[2022-08-02 03:04:33,453] {manager.py:1065} INFO - Finding 'running' jobs without a recent heartbeat
[2022-08-02 03:04:33,456] {manager.py:1069} INFO - Failing jobs without heartbeat after 2022-08-02 02:59:33.456673+00:00
[2022-08-02 03:04:43,539] {manager.py:1065} INFO - Finding 'running' jobs without a recent heartbeat
[2022-08-02 03:04:43,547] {manager.py:1069} INFO - Failing jobs without heartbeat after 2022-08-02 02:59:43.547816+00:00
[2022-08-02 03:04:53,602] {manager.py:1065} INFO - Finding 'running' jobs without a recent heartbeat
[2022-08-02 03:04:53,608] {manager.py:1069} INFO - Failing jobs without heartbeat after 2022-08-02 02:59:53.608528+00:00
[2022-08-02 03:05:03,669] {manager.py:1065} INFO - Finding 'running' jobs without a recent heartbeat
[2022-08-02 03:05:03,693] {manager.py:1069} INFO - Failing jobs without heartbeat after 2022-08-02 03:00:03.693779+00:00
[2022-08-02 03:05:13,825] {manager.py:1065} INFO - Finding 'running' jobs without a recent heartbeat
[2022-08-02 03:05:13,844] {manager.py:1069} INFO - Failing jobs without heartbeat after 2022-08-02 03:00:13.844834+00:00
[2022-08-02 03:06:47,402] {manager.py:514} INFO - Processing files using up to 2 processes at a time 
[2022-08-02 03:06:47,403] {manager.py:515} INFO - Process each file at most once every 30 seconds
[2022-08-02 03:06:47,404] {manager.py:517} INFO - Checking for new files in /opt/airflow/dags every 300 seconds
[2022-08-02 03:06:47,405] {manager.py:663} INFO - Searching for files in /opt/airflow/dags
[2022-08-02 03:06:47,406] {manager.py:666} INFO - There are 0 files in /opt/airflow/dags
[2022-08-02 03:06:47,444] {manager.py:1065} INFO - Finding 'running' jobs without a recent heartbeat
[2022-08-02 03:06:47,445] {manager.py:1069} INFO - Failing jobs without heartbeat after 2022-08-02 03:01:47.445691+00:00
[2022-08-02 03:06:57,483] {manager.py:1065} INFO - Finding 'running' jobs without a recent heartbeat
[2022-08-02 03:06:57,484] {manager.py:1069} INFO - Failing jobs without heartbeat after 2022-08-02 03:01:57.483945+00:00
[2022-08-02 03:07:07,551] {manager.py:1065} INFO - Finding 'running' jobs without a recent heartbeat
[2022-08-02 03:07:07,552] {manager.py:1069} INFO - Failing jobs without heartbeat after 2022-08-02 03:02:07.552543+00:00
[2022-08-02 03:07:17,591] {manager.py:1065} INFO - Finding 'running' jobs without a recent heartbeat
[2022-08-02 03:07:17,593] {manager.py:1069} INFO - Failing jobs without heartbeat after 2022-08-02 03:02:17.593736+00:00
[2022-08-02 03:07:27,629] {manager.py:1065} INFO - Finding 'running' jobs without a recent heartbeat
[2022-08-02 03:07:27,631] {manager.py:1069} INFO - Failing jobs without heartbeat after 2022-08-02 03:02:27.631416+00:00
[2022-08-02 03:07:37,715] {manager.py:1065} INFO - Finding 'running' jobs without a recent heartbeat
[2022-08-02 03:07:37,717] {manager.py:1069} INFO - Failing jobs without heartbeat after 2022-08-02 03:02:37.716972+00:00
[2022-08-02 03:07:47,750] {manager.py:1065} INFO - Finding 'running' jobs without a recent heartbeat
[2022-08-02 03:07:47,752] {manager.py:1069} INFO - Failing jobs without heartbeat after 2022-08-02 03:02:47.752461+00:00
[2022-08-02 03:07:57,787] {manager.py:1065} INFO - Finding 'running' jobs without a recent heartbeat
[2022-08-02 03:07:57,788] {manager.py:1069} INFO - Failing jobs without heartbeat after 2022-08-02 03:02:57.788652+00:00
[2022-08-02 03:08:07,874] {manager.py:1065} INFO - Finding 'running' jobs without a recent heartbeat
[2022-08-02 03:08:07,876] {manager.py:1069} INFO - Failing jobs without heartbeat after 2022-08-02 03:03:07.876388+00:00
[2022-08-02 03:08:17,919] {manager.py:1065} INFO - Finding 'running' jobs without a recent heartbeat
[2022-08-02 03:08:17,921] {manager.py:1069} INFO - Failing jobs without heartbeat after 2022-08-02 03:03:17.921247+00:00
[2022-08-02 03:08:27,961] {manager.py:1065} INFO - Finding 'running' jobs without a recent heartbeat
[2022-08-02 03:08:27,966] {manager.py:1069} INFO - Failing jobs without heartbeat after 2022-08-02 03:03:27.966204+00:00
[2022-08-02 03:08:38,067] {manager.py:1065} INFO - Finding 'running' jobs without a recent heartbeat
[2022-08-02 03:08:38,070] {manager.py:1069} INFO - Failing jobs without heartbeat after 2022-08-02 03:03:38.070507+00:00
[2022-08-02 03:08:48,118] {manager.py:1065} INFO - Finding 'running' jobs without a recent heartbeat
[2022-08-02 03:08:48,120] {manager.py:1069} INFO - Failing jobs without heartbeat after 2022-08-02 03:03:48.120616+00:00
[2022-08-02 03:08:58,164] {manager.py:1065} INFO - Finding 'running' jobs without a recent heartbeat
[2022-08-02 03:08:58,166] {manager.py:1069} INFO - Failing jobs without heartbeat after 2022-08-02 03:03:58.166152+00:00
[2022-08-02 03:09:08,231] {manager.py:1065} INFO - Finding 'running' jobs without a recent heartbeat
[2022-08-02 03:09:08,232] {manager.py:1069} INFO - Failing jobs without heartbeat after 2022-08-02 03:04:08.232718+00:00
