[2022-08-02 04:00:17,834] {taskinstance.py:1032} INFO - Dependencies all met for <TaskInstance: data_ingestion_gcs_dag.download_dataset_task manual__2022-08-02T03:58:32.683316+00:00 [queued]>
[2022-08-02 04:00:17,847] {taskinstance.py:1032} INFO - Dependencies all met for <TaskInstance: data_ingestion_gcs_dag.download_dataset_task manual__2022-08-02T03:58:32.683316+00:00 [queued]>
[2022-08-02 04:00:17,848] {taskinstance.py:1238} INFO - 
--------------------------------------------------------------------------------
[2022-08-02 04:00:17,848] {taskinstance.py:1239} INFO - Starting attempt 1 of 2
[2022-08-02 04:00:17,849] {taskinstance.py:1240} INFO - 
--------------------------------------------------------------------------------
[2022-08-02 04:00:17,867] {taskinstance.py:1259} INFO - Executing <Task(BashOperator): download_dataset_task> on 2022-08-02 03:58:32.683316+00:00
[2022-08-02 04:00:17,874] {standard_task_runner.py:52} INFO - Started process 197 to run task
[2022-08-02 04:00:17,878] {standard_task_runner.py:76} INFO - Running: ['***', 'tasks', 'run', 'data_ingestion_gcs_dag', 'download_dataset_task', 'manual__2022-08-02T03:58:32.683316+00:00', '--job-id', '81', '--raw', '--subdir', 'DAGS_FOLDER/data_ingestion_gcs_dag.py', '--cfg-path', '/tmp/tmpnr31eb_p', '--error-file', '/tmp/tmprfqz8p7d']
[2022-08-02 04:00:17,879] {standard_task_runner.py:77} INFO - Job 81: Subtask download_dataset_task
[2022-08-02 04:00:17,945] {logging_mixin.py:109} INFO - Running <TaskInstance: data_ingestion_gcs_dag.download_dataset_task manual__2022-08-02T03:58:32.683316+00:00 [running]> on host b202c1f48381
[2022-08-02 04:00:18,013] {taskinstance.py:1426} INFO - Exporting the following env vars:
AIRFLOW_CTX_DAG_OWNER=***
AIRFLOW_CTX_DAG_ID=data_ingestion_gcs_dag
AIRFLOW_CTX_TASK_ID=download_dataset_task
AIRFLOW_CTX_EXECUTION_DATE=2022-08-02T03:58:32.683316+00:00
AIRFLOW_CTX_DAG_RUN_ID=manual__2022-08-02T03:58:32.683316+00:00
[2022-08-02 04:00:18,015] {subprocess.py:62} INFO - Tmp dir root location: 
 /tmp
[2022-08-02 04:00:18,016] {subprocess.py:74} INFO - Running command: ['bash', '-c', 'curl -sS https://storage.cloud.google.com/dtc_data_lake_de-bootcamp-357803/covid-cases.csv > /opt/***/covid-cases.csv']
[2022-08-02 04:00:18,032] {subprocess.py:85} INFO - Output:
[2022-08-02 04:00:18,162] {subprocess.py:93} INFO - Command exited with return code 0
[2022-08-02 04:00:18,208] {taskinstance.py:1277} INFO - Marking task as SUCCESS. dag_id=data_ingestion_gcs_dag, task_id=download_dataset_task, execution_date=20220802T035832, start_date=20220802T040017, end_date=20220802T040018
[2022-08-02 04:00:18,253] {local_task_job.py:154} INFO - Task exited with return code 0
[2022-08-02 04:00:18,321] {local_task_job.py:264} INFO - 1 downstream tasks scheduled from follow-on schedule check
