[2022-08-03 04:28:48,133] {taskinstance.py:1032} INFO - Dependencies all met for <TaskInstance: data_ingestion_gcs_dag.format_to_parquet_task manual__2022-08-03T04:28:42.186828+00:00 [queued]>
[2022-08-03 04:28:48,155] {taskinstance.py:1032} INFO - Dependencies all met for <TaskInstance: data_ingestion_gcs_dag.format_to_parquet_task manual__2022-08-03T04:28:42.186828+00:00 [queued]>
[2022-08-03 04:28:48,157] {taskinstance.py:1238} INFO - 
--------------------------------------------------------------------------------
[2022-08-03 04:28:48,158] {taskinstance.py:1239} INFO - Starting attempt 1 of 2
[2022-08-03 04:28:48,158] {taskinstance.py:1240} INFO - 
--------------------------------------------------------------------------------
[2022-08-03 04:28:48,181] {taskinstance.py:1259} INFO - Executing <Task(PythonOperator): format_to_parquet_task> on 2022-08-03 04:28:42.186828+00:00
[2022-08-03 04:28:48,191] {standard_task_runner.py:52} INFO - Started process 89 to run task
[2022-08-03 04:28:48,199] {standard_task_runner.py:76} INFO - Running: ['***', 'tasks', 'run', 'data_ingestion_gcs_dag', 'format_to_parquet_task', 'manual__2022-08-03T04:28:42.186828+00:00', '--job-id', '17', '--raw', '--subdir', 'DAGS_FOLDER/data_ingestion_gcs_dag.py', '--cfg-path', '/tmp/tmp1nst8b0g', '--error-file', '/tmp/tmpne7m0b7p']
[2022-08-03 04:28:48,200] {standard_task_runner.py:77} INFO - Job 17: Subtask format_to_parquet_task
[2022-08-03 04:28:48,305] {logging_mixin.py:109} INFO - Running <TaskInstance: data_ingestion_gcs_dag.format_to_parquet_task manual__2022-08-03T04:28:42.186828+00:00 [running]> on host e6b2e4886939
[2022-08-03 04:28:48,428] {taskinstance.py:1426} INFO - Exporting the following env vars:
AIRFLOW_CTX_DAG_OWNER=***
AIRFLOW_CTX_DAG_ID=data_ingestion_gcs_dag
AIRFLOW_CTX_TASK_ID=format_to_parquet_task
AIRFLOW_CTX_EXECUTION_DATE=2022-08-03T04:28:42.186828+00:00
AIRFLOW_CTX_DAG_RUN_ID=manual__2022-08-03T04:28:42.186828+00:00
[2022-08-03 04:28:50,216] {python.py:175} INFO - Done. Returned value was: None
[2022-08-03 04:28:50,233] {taskinstance.py:1277} INFO - Marking task as SUCCESS. dag_id=data_ingestion_gcs_dag, task_id=format_to_parquet_task, execution_date=20220803T042842, start_date=20220803T042848, end_date=20220803T042850
[2022-08-03 04:28:50,305] {local_task_job.py:154} INFO - Task exited with return code 0
[2022-08-03 04:28:50,377] {local_task_job.py:264} INFO - 1 downstream tasks scheduled from follow-on schedule check
