[2022-08-03 02:14:20,777] {taskinstance.py:1032} INFO - Dependencies all met for <TaskInstance: data_ingestion_gcs_dag.format_to_parquet_task manual__2022-08-03T02:14:13.464284+00:00 [queued]>
[2022-08-03 02:14:20,790] {taskinstance.py:1032} INFO - Dependencies all met for <TaskInstance: data_ingestion_gcs_dag.format_to_parquet_task manual__2022-08-03T02:14:13.464284+00:00 [queued]>
[2022-08-03 02:14:20,791] {taskinstance.py:1238} INFO - 
--------------------------------------------------------------------------------
[2022-08-03 02:14:20,791] {taskinstance.py:1239} INFO - Starting attempt 1 of 2
[2022-08-03 02:14:20,792] {taskinstance.py:1240} INFO - 
--------------------------------------------------------------------------------
[2022-08-03 02:14:20,815] {taskinstance.py:1259} INFO - Executing <Task(PythonOperator): format_to_parquet_task> on 2022-08-03 02:14:13.464284+00:00
[2022-08-03 02:14:20,825] {standard_task_runner.py:52} INFO - Started process 124 to run task
[2022-08-03 02:14:20,833] {standard_task_runner.py:76} INFO - Running: ['***', 'tasks', 'run', 'data_ingestion_gcs_dag', 'format_to_parquet_task', 'manual__2022-08-03T02:14:13.464284+00:00', '--job-id', '105', '--raw', '--subdir', 'DAGS_FOLDER/data_ingestion_gcs_dag.py', '--cfg-path', '/tmp/tmpdys_lo29', '--error-file', '/tmp/tmp7fw31ihe']
[2022-08-03 02:14:20,834] {standard_task_runner.py:77} INFO - Job 105: Subtask format_to_parquet_task
[2022-08-03 02:14:20,924] {logging_mixin.py:109} INFO - Running <TaskInstance: data_ingestion_gcs_dag.format_to_parquet_task manual__2022-08-03T02:14:13.464284+00:00 [running]> on host de687df7354f
[2022-08-03 02:14:21,001] {taskinstance.py:1426} INFO - Exporting the following env vars:
AIRFLOW_CTX_DAG_OWNER=***
AIRFLOW_CTX_DAG_ID=data_ingestion_gcs_dag
AIRFLOW_CTX_TASK_ID=format_to_parquet_task
AIRFLOW_CTX_EXECUTION_DATE=2022-08-03T02:14:13.464284+00:00
AIRFLOW_CTX_DAG_RUN_ID=manual__2022-08-03T02:14:13.464284+00:00
[2022-08-03 02:14:22,382] {python.py:175} INFO - Done. Returned value was: None
[2022-08-03 02:14:22,411] {taskinstance.py:1277} INFO - Marking task as SUCCESS. dag_id=data_ingestion_gcs_dag, task_id=format_to_parquet_task, execution_date=20220803T021413, start_date=20220803T021420, end_date=20220803T021422
[2022-08-03 02:14:22,499] {local_task_job.py:154} INFO - Task exited with return code 0
[2022-08-03 02:14:22,571] {local_task_job.py:264} INFO - 1 downstream tasks scheduled from follow-on schedule check
