[2022-08-02 03:43:50,172] {processor.py:163} INFO - Started process (PID=39) to work on /opt/airflow/dags/data_ingestion_gcs_dag.py
[2022-08-02 03:43:50,174] {processor.py:642} INFO - Processing file /opt/airflow/dags/data_ingestion_gcs_dag.py for tasks to queue
[2022-08-02 03:43:50,175] {logging_mixin.py:109} INFO - [2022-08-02 03:43:50,175] {dagbag.py:500} INFO - Filling up the DagBag from /opt/airflow/dags/data_ingestion_gcs_dag.py
[2022-08-02 03:43:50,180] {logging_mixin.py:109} INFO - [2022-08-02 03:43:50,179] {dagbag.py:334} ERROR - Failed to import: /opt/airflow/dags/data_ingestion_gcs_dag.py
Traceback (most recent call last):
  File "/home/airflow/.local/lib/python3.7/site-packages/airflow/models/dagbag.py", line 331, in _load_modules_from_file
    loader.exec_module(new_module)
  File "<frozen importlib._bootstrap_external>", line 724, in exec_module
  File "<frozen importlib._bootstrap_external>", line 860, in get_code
  File "<frozen importlib._bootstrap_external>", line 791, in source_to_code
  File "<frozen importlib._bootstrap>", line 219, in _call_with_frames_removed
  File "/opt/airflow/dags/data_ingestion_gcs_dag.py", line 74
    "object_name": f"raw/{parquet_file}",
                ^
SyntaxError: invalid syntax
[2022-08-02 03:43:50,208] {processor.py:656} WARNING - No viable dags retrieved from /opt/airflow/dags/data_ingestion_gcs_dag.py
[2022-08-02 03:43:50,246] {processor.py:171} INFO - Processing /opt/airflow/dags/data_ingestion_gcs_dag.py took 0.079 seconds
[2022-08-02 03:44:20,403] {processor.py:163} INFO - Started process (PID=58) to work on /opt/airflow/dags/data_ingestion_gcs_dag.py
[2022-08-02 03:44:20,407] {processor.py:642} INFO - Processing file /opt/airflow/dags/data_ingestion_gcs_dag.py for tasks to queue
[2022-08-02 03:44:20,409] {logging_mixin.py:109} INFO - [2022-08-02 03:44:20,408] {dagbag.py:500} INFO - Filling up the DagBag from /opt/airflow/dags/data_ingestion_gcs_dag.py
[2022-08-02 03:44:20,417] {logging_mixin.py:109} INFO - [2022-08-02 03:44:20,416] {dagbag.py:334} ERROR - Failed to import: /opt/airflow/dags/data_ingestion_gcs_dag.py
Traceback (most recent call last):
  File "/home/airflow/.local/lib/python3.7/site-packages/airflow/models/dagbag.py", line 331, in _load_modules_from_file
    loader.exec_module(new_module)
  File "<frozen importlib._bootstrap_external>", line 724, in exec_module
  File "<frozen importlib._bootstrap_external>", line 860, in get_code
  File "<frozen importlib._bootstrap_external>", line 791, in source_to_code
  File "<frozen importlib._bootstrap>", line 219, in _call_with_frames_removed
  File "/opt/airflow/dags/data_ingestion_gcs_dag.py", line 74
    "object_name": f"raw/{parquet_file}",
                ^
SyntaxError: invalid syntax
[2022-08-02 03:44:20,450] {processor.py:656} WARNING - No viable dags retrieved from /opt/airflow/dags/data_ingestion_gcs_dag.py
[2022-08-02 03:44:20,487] {processor.py:171} INFO - Processing /opt/airflow/dags/data_ingestion_gcs_dag.py took 0.087 seconds
[2022-08-02 03:44:50,609] {processor.py:163} INFO - Started process (PID=84) to work on /opt/airflow/dags/data_ingestion_gcs_dag.py
[2022-08-02 03:44:50,611] {processor.py:642} INFO - Processing file /opt/airflow/dags/data_ingestion_gcs_dag.py for tasks to queue
[2022-08-02 03:44:50,611] {logging_mixin.py:109} INFO - [2022-08-02 03:44:50,611] {dagbag.py:500} INFO - Filling up the DagBag from /opt/airflow/dags/data_ingestion_gcs_dag.py
[2022-08-02 03:44:50,618] {logging_mixin.py:109} INFO - [2022-08-02 03:44:50,617] {dagbag.py:334} ERROR - Failed to import: /opt/airflow/dags/data_ingestion_gcs_dag.py
Traceback (most recent call last):
  File "/home/airflow/.local/lib/python3.7/site-packages/airflow/models/dagbag.py", line 331, in _load_modules_from_file
    loader.exec_module(new_module)
  File "<frozen importlib._bootstrap_external>", line 724, in exec_module
  File "<frozen importlib._bootstrap_external>", line 860, in get_code
  File "<frozen importlib._bootstrap_external>", line 791, in source_to_code
  File "<frozen importlib._bootstrap>", line 219, in _call_with_frames_removed
  File "/opt/airflow/dags/data_ingestion_gcs_dag.py", line 74
    "object_name": f"raw/{parquet_file}",
                ^
SyntaxError: invalid syntax
[2022-08-02 03:44:50,654] {processor.py:656} WARNING - No viable dags retrieved from /opt/airflow/dags/data_ingestion_gcs_dag.py
[2022-08-02 03:44:50,684] {processor.py:171} INFO - Processing /opt/airflow/dags/data_ingestion_gcs_dag.py took 0.081 seconds
[2022-08-02 03:45:07,814] {processor.py:163} INFO - Started process (PID=96) to work on /opt/airflow/dags/data_ingestion_gcs_dag.py
[2022-08-02 03:45:07,816] {processor.py:642} INFO - Processing file /opt/airflow/dags/data_ingestion_gcs_dag.py for tasks to queue
[2022-08-02 03:45:07,817] {logging_mixin.py:109} INFO - [2022-08-02 03:45:07,817] {dagbag.py:500} INFO - Filling up the DagBag from /opt/airflow/dags/data_ingestion_gcs_dag.py
[2022-08-02 03:46:27,192] {processor.py:163} INFO - Started process (PID=36) to work on /opt/airflow/dags/data_ingestion_gcs_dag.py
[2022-08-02 03:46:27,195] {processor.py:642} INFO - Processing file /opt/airflow/dags/data_ingestion_gcs_dag.py for tasks to queue
[2022-08-02 03:46:27,196] {logging_mixin.py:109} INFO - [2022-08-02 03:46:27,196] {dagbag.py:500} INFO - Filling up the DagBag from /opt/airflow/dags/data_ingestion_gcs_dag.py
[2022-08-02 03:46:29,895] {logging_mixin.py:109} INFO - [2022-08-02 03:46:29,893] {dagbag.py:334} ERROR - Failed to import: /opt/airflow/dags/data_ingestion_gcs_dag.py
Traceback (most recent call last):
  File "/home/airflow/.local/lib/python3.7/site-packages/airflow/models/dagbag.py", line 331, in _load_modules_from_file
    loader.exec_module(new_module)
  File "<frozen importlib._bootstrap_external>", line 728, in exec_module
  File "<frozen importlib._bootstrap>", line 219, in _call_with_frames_removed
  File "/opt/airflow/dags/data_ingestion_gcs_dag.py", line 19, in <module>
    path_to_local_home = os.environ("AIRFLOW_HOME", "/opt/airflow/")
TypeError: '_Environ' object is not callable
[2022-08-02 03:46:29,918] {processor.py:656} WARNING - No viable dags retrieved from /opt/airflow/dags/data_ingestion_gcs_dag.py
[2022-08-02 03:46:29,933] {processor.py:171} INFO - Processing /opt/airflow/dags/data_ingestion_gcs_dag.py took 2.743 seconds
[2022-08-02 03:47:00,119] {processor.py:163} INFO - Started process (PID=64) to work on /opt/airflow/dags/data_ingestion_gcs_dag.py
[2022-08-02 03:47:00,121] {processor.py:642} INFO - Processing file /opt/airflow/dags/data_ingestion_gcs_dag.py for tasks to queue
[2022-08-02 03:47:00,123] {logging_mixin.py:109} INFO - [2022-08-02 03:47:00,123] {dagbag.py:500} INFO - Filling up the DagBag from /opt/airflow/dags/data_ingestion_gcs_dag.py
[2022-08-02 03:47:01,482] {logging_mixin.py:109} INFO - [2022-08-02 03:47:01,480] {dagbag.py:334} ERROR - Failed to import: /opt/airflow/dags/data_ingestion_gcs_dag.py
Traceback (most recent call last):
  File "/home/airflow/.local/lib/python3.7/site-packages/airflow/models/dagbag.py", line 331, in _load_modules_from_file
    loader.exec_module(new_module)
  File "<frozen importlib._bootstrap_external>", line 728, in exec_module
  File "<frozen importlib._bootstrap>", line 219, in _call_with_frames_removed
  File "/opt/airflow/dags/data_ingestion_gcs_dag.py", line 19, in <module>
    path_to_local_home = os.environ("AIRFLOW_HOME", "/opt/airflow/")
TypeError: '_Environ' object is not callable
[2022-08-02 03:47:01,506] {processor.py:656} WARNING - No viable dags retrieved from /opt/airflow/dags/data_ingestion_gcs_dag.py
[2022-08-02 03:47:01,524] {processor.py:171} INFO - Processing /opt/airflow/dags/data_ingestion_gcs_dag.py took 1.334 seconds
[2022-08-02 03:47:31,603] {processor.py:163} INFO - Started process (PID=98) to work on /opt/airflow/dags/data_ingestion_gcs_dag.py
[2022-08-02 03:47:31,604] {processor.py:642} INFO - Processing file /opt/airflow/dags/data_ingestion_gcs_dag.py for tasks to queue
[2022-08-02 03:47:31,605] {logging_mixin.py:109} INFO - [2022-08-02 03:47:31,605] {dagbag.py:500} INFO - Filling up the DagBag from /opt/airflow/dags/data_ingestion_gcs_dag.py
[2022-08-02 03:47:32,370] {logging_mixin.py:109} INFO - [2022-08-02 03:47:32,369] {dagbag.py:334} ERROR - Failed to import: /opt/airflow/dags/data_ingestion_gcs_dag.py
Traceback (most recent call last):
  File "/home/airflow/.local/lib/python3.7/site-packages/airflow/models/dagbag.py", line 331, in _load_modules_from_file
    loader.exec_module(new_module)
  File "<frozen importlib._bootstrap_external>", line 728, in exec_module
  File "<frozen importlib._bootstrap>", line 219, in _call_with_frames_removed
  File "/opt/airflow/dags/data_ingestion_gcs_dag.py", line 19, in <module>
    path_to_local_home = os.environ("AIRFLOW_HOME", "/opt/airflow/")
TypeError: '_Environ' object is not callable
[2022-08-02 03:47:32,404] {processor.py:656} WARNING - No viable dags retrieved from /opt/airflow/dags/data_ingestion_gcs_dag.py
[2022-08-02 03:47:32,427] {processor.py:171} INFO - Processing /opt/airflow/dags/data_ingestion_gcs_dag.py took 0.828 seconds
[2022-08-02 03:47:39,716] {processor.py:163} INFO - Started process (PID=105) to work on /opt/airflow/dags/data_ingestion_gcs_dag.py
[2022-08-02 03:47:39,719] {processor.py:642} INFO - Processing file /opt/airflow/dags/data_ingestion_gcs_dag.py for tasks to queue
[2022-08-02 03:47:39,720] {logging_mixin.py:109} INFO - [2022-08-02 03:47:39,720] {dagbag.py:500} INFO - Filling up the DagBag from /opt/airflow/dags/data_ingestion_gcs_dag.py
[2022-08-02 03:47:40,887] {processor.py:654} INFO - DAG(s) dict_keys(['data_ingestion_gcs_dag']) retrieved from /opt/airflow/dags/data_ingestion_gcs_dag.py
[2022-08-02 03:47:44,694] {logging_mixin.py:109} INFO - [2022-08-02 03:47:44,694] {manager.py:496} INFO - Created Permission View: can edit on DAG:data_ingestion_gcs_dag
[2022-08-02 03:47:44,711] {logging_mixin.py:109} INFO - [2022-08-02 03:47:44,711] {manager.py:496} INFO - Created Permission View: can read on DAG:data_ingestion_gcs_dag
[2022-08-02 03:47:44,713] {logging_mixin.py:109} INFO - [2022-08-02 03:47:44,712] {dag.py:2396} INFO - Sync 1 DAGs
[2022-08-02 03:47:44,724] {logging_mixin.py:109} INFO - [2022-08-02 03:47:44,724] {dag.py:2415} INFO - Creating ORM DAG for data_ingestion_gcs_dag
[2022-08-02 03:47:44,737] {logging_mixin.py:109} INFO - [2022-08-02 03:47:44,737] {dag.py:2935} INFO - Setting next_dagrun for data_ingestion_gcs_dag to 2022-08-01 00:00:00+00:00
[2022-08-02 03:47:44,761] {processor.py:171} INFO - Processing /opt/airflow/dags/data_ingestion_gcs_dag.py took 5.052 seconds
[2022-08-02 03:48:44,895] {processor.py:163} INFO - Started process (PID=30) to work on /opt/airflow/dags/data_ingestion_gcs_dag.py
[2022-08-02 03:48:44,902] {processor.py:642} INFO - Processing file /opt/airflow/dags/data_ingestion_gcs_dag.py for tasks to queue
[2022-08-02 03:48:44,903] {logging_mixin.py:109} INFO - [2022-08-02 03:48:44,903] {dagbag.py:500} INFO - Filling up the DagBag from /opt/airflow/dags/data_ingestion_gcs_dag.py
[2022-08-02 03:48:47,489] {processor.py:654} INFO - DAG(s) dict_keys(['data_ingestion_gcs_dag']) retrieved from /opt/airflow/dags/data_ingestion_gcs_dag.py
[2022-08-02 03:48:47,499] {logging_mixin.py:109} INFO - [2022-08-02 03:48:47,498] {dag.py:2396} INFO - Sync 1 DAGs
[2022-08-02 03:48:47,514] {logging_mixin.py:109} INFO - [2022-08-02 03:48:47,514] {dag.py:2935} INFO - Setting next_dagrun for data_ingestion_gcs_dag to 2022-08-01 00:00:00+00:00
[2022-08-02 03:48:47,526] {processor.py:171} INFO - Processing /opt/airflow/dags/data_ingestion_gcs_dag.py took 2.635 seconds
[2022-08-02 03:49:17,729] {processor.py:163} INFO - Started process (PID=64) to work on /opt/airflow/dags/data_ingestion_gcs_dag.py
[2022-08-02 03:49:17,731] {processor.py:642} INFO - Processing file /opt/airflow/dags/data_ingestion_gcs_dag.py for tasks to queue
[2022-08-02 03:49:17,733] {logging_mixin.py:109} INFO - [2022-08-02 03:49:17,732] {dagbag.py:500} INFO - Filling up the DagBag from /opt/airflow/dags/data_ingestion_gcs_dag.py
[2022-08-02 03:49:18,731] {processor.py:654} INFO - DAG(s) dict_keys(['data_ingestion_gcs_dag']) retrieved from /opt/airflow/dags/data_ingestion_gcs_dag.py
[2022-08-02 03:49:18,747] {logging_mixin.py:109} INFO - [2022-08-02 03:49:18,747] {dag.py:2396} INFO - Sync 1 DAGs
[2022-08-02 03:49:18,767] {logging_mixin.py:109} INFO - [2022-08-02 03:49:18,767] {dag.py:2935} INFO - Setting next_dagrun for data_ingestion_gcs_dag to 2022-08-01 00:00:00+00:00
[2022-08-02 03:49:18,780] {processor.py:171} INFO - Processing /opt/airflow/dags/data_ingestion_gcs_dag.py took 1.059 seconds
[2022-08-02 03:49:48,930] {processor.py:163} INFO - Started process (PID=96) to work on /opt/airflow/dags/data_ingestion_gcs_dag.py
[2022-08-02 03:49:48,931] {processor.py:642} INFO - Processing file /opt/airflow/dags/data_ingestion_gcs_dag.py for tasks to queue
[2022-08-02 03:49:48,932] {logging_mixin.py:109} INFO - [2022-08-02 03:49:48,932] {dagbag.py:500} INFO - Filling up the DagBag from /opt/airflow/dags/data_ingestion_gcs_dag.py
[2022-08-02 03:49:49,906] {processor.py:654} INFO - DAG(s) dict_keys(['data_ingestion_gcs_dag']) retrieved from /opt/airflow/dags/data_ingestion_gcs_dag.py
[2022-08-02 03:49:49,923] {logging_mixin.py:109} INFO - [2022-08-02 03:49:49,922] {dag.py:2396} INFO - Sync 1 DAGs
[2022-08-02 03:49:49,945] {logging_mixin.py:109} INFO - [2022-08-02 03:49:49,945] {dag.py:2935} INFO - Setting next_dagrun for data_ingestion_gcs_dag to 2022-08-01 00:00:00+00:00
[2022-08-02 03:49:49,967] {processor.py:171} INFO - Processing /opt/airflow/dags/data_ingestion_gcs_dag.py took 1.040 seconds
[2022-08-02 03:50:20,141] {processor.py:163} INFO - Started process (PID=123) to work on /opt/airflow/dags/data_ingestion_gcs_dag.py
[2022-08-02 03:50:20,143] {processor.py:642} INFO - Processing file /opt/airflow/dags/data_ingestion_gcs_dag.py for tasks to queue
[2022-08-02 03:50:20,144] {logging_mixin.py:109} INFO - [2022-08-02 03:50:20,144] {dagbag.py:500} INFO - Filling up the DagBag from /opt/airflow/dags/data_ingestion_gcs_dag.py
[2022-08-02 03:50:21,341] {processor.py:654} INFO - DAG(s) dict_keys(['data_ingestion_gcs_dag']) retrieved from /opt/airflow/dags/data_ingestion_gcs_dag.py
[2022-08-02 03:50:21,354] {logging_mixin.py:109} INFO - [2022-08-02 03:50:21,353] {dag.py:2396} INFO - Sync 1 DAGs
[2022-08-02 03:50:21,390] {processor.py:171} INFO - Processing /opt/airflow/dags/data_ingestion_gcs_dag.py took 1.251 seconds
[2022-08-02 03:50:51,575] {processor.py:163} INFO - Started process (PID=148) to work on /opt/airflow/dags/data_ingestion_gcs_dag.py
[2022-08-02 03:50:51,576] {processor.py:642} INFO - Processing file /opt/airflow/dags/data_ingestion_gcs_dag.py for tasks to queue
[2022-08-02 03:50:51,577] {logging_mixin.py:109} INFO - [2022-08-02 03:50:51,577] {dagbag.py:500} INFO - Filling up the DagBag from /opt/airflow/dags/data_ingestion_gcs_dag.py
[2022-08-02 03:50:52,618] {processor.py:654} INFO - DAG(s) dict_keys(['data_ingestion_gcs_dag']) retrieved from /opt/airflow/dags/data_ingestion_gcs_dag.py
[2022-08-02 03:50:52,634] {logging_mixin.py:109} INFO - [2022-08-02 03:50:52,634] {dag.py:2396} INFO - Sync 1 DAGs
[2022-08-02 03:50:52,668] {processor.py:171} INFO - Processing /opt/airflow/dags/data_ingestion_gcs_dag.py took 1.101 seconds
[2022-08-02 03:51:22,793] {processor.py:163} INFO - Started process (PID=183) to work on /opt/airflow/dags/data_ingestion_gcs_dag.py
[2022-08-02 03:51:22,796] {processor.py:642} INFO - Processing file /opt/airflow/dags/data_ingestion_gcs_dag.py for tasks to queue
[2022-08-02 03:51:22,797] {logging_mixin.py:109} INFO - [2022-08-02 03:51:22,797] {dagbag.py:500} INFO - Filling up the DagBag from /opt/airflow/dags/data_ingestion_gcs_dag.py
[2022-08-02 03:51:23,792] {processor.py:654} INFO - DAG(s) dict_keys(['data_ingestion_gcs_dag']) retrieved from /opt/airflow/dags/data_ingestion_gcs_dag.py
[2022-08-02 03:51:23,803] {logging_mixin.py:109} INFO - [2022-08-02 03:51:23,803] {dag.py:2396} INFO - Sync 1 DAGs
[2022-08-02 03:51:23,832] {processor.py:171} INFO - Processing /opt/airflow/dags/data_ingestion_gcs_dag.py took 1.042 seconds
[2022-08-02 03:51:54,038] {processor.py:163} INFO - Started process (PID=208) to work on /opt/airflow/dags/data_ingestion_gcs_dag.py
[2022-08-02 03:51:54,040] {processor.py:642} INFO - Processing file /opt/airflow/dags/data_ingestion_gcs_dag.py for tasks to queue
[2022-08-02 03:51:54,042] {logging_mixin.py:109} INFO - [2022-08-02 03:51:54,041] {dagbag.py:500} INFO - Filling up the DagBag from /opt/airflow/dags/data_ingestion_gcs_dag.py
[2022-08-02 03:51:54,763] {processor.py:654} INFO - DAG(s) dict_keys(['data_ingestion_gcs_dag']) retrieved from /opt/airflow/dags/data_ingestion_gcs_dag.py
[2022-08-02 03:51:54,776] {logging_mixin.py:109} INFO - [2022-08-02 03:51:54,776] {dag.py:2396} INFO - Sync 1 DAGs
[2022-08-02 03:51:54,813] {processor.py:171} INFO - Processing /opt/airflow/dags/data_ingestion_gcs_dag.py took 0.779 seconds
[2022-08-02 03:52:24,975] {processor.py:163} INFO - Started process (PID=243) to work on /opt/airflow/dags/data_ingestion_gcs_dag.py
[2022-08-02 03:52:24,977] {processor.py:642} INFO - Processing file /opt/airflow/dags/data_ingestion_gcs_dag.py for tasks to queue
[2022-08-02 03:52:24,979] {logging_mixin.py:109} INFO - [2022-08-02 03:52:24,979] {dagbag.py:500} INFO - Filling up the DagBag from /opt/airflow/dags/data_ingestion_gcs_dag.py
[2022-08-02 03:52:25,884] {processor.py:654} INFO - DAG(s) dict_keys(['data_ingestion_gcs_dag']) retrieved from /opt/airflow/dags/data_ingestion_gcs_dag.py
[2022-08-02 03:52:25,908] {logging_mixin.py:109} INFO - [2022-08-02 03:52:25,907] {dag.py:2396} INFO - Sync 1 DAGs
[2022-08-02 03:52:25,954] {processor.py:171} INFO - Processing /opt/airflow/dags/data_ingestion_gcs_dag.py took 0.981 seconds
[2022-08-02 03:52:56,198] {processor.py:163} INFO - Started process (PID=268) to work on /opt/airflow/dags/data_ingestion_gcs_dag.py
[2022-08-02 03:52:56,200] {processor.py:642} INFO - Processing file /opt/airflow/dags/data_ingestion_gcs_dag.py for tasks to queue
[2022-08-02 03:52:56,202] {logging_mixin.py:109} INFO - [2022-08-02 03:52:56,202] {dagbag.py:500} INFO - Filling up the DagBag from /opt/airflow/dags/data_ingestion_gcs_dag.py
[2022-08-02 03:52:57,370] {processor.py:654} INFO - DAG(s) dict_keys(['data_ingestion_gcs_dag']) retrieved from /opt/airflow/dags/data_ingestion_gcs_dag.py
[2022-08-02 03:52:57,392] {logging_mixin.py:109} INFO - [2022-08-02 03:52:57,391] {dag.py:2396} INFO - Sync 1 DAGs
[2022-08-02 03:52:57,446] {processor.py:171} INFO - Processing /opt/airflow/dags/data_ingestion_gcs_dag.py took 1.254 seconds
[2022-08-02 03:53:27,653] {processor.py:163} INFO - Started process (PID=302) to work on /opt/airflow/dags/data_ingestion_gcs_dag.py
[2022-08-02 03:53:27,655] {processor.py:642} INFO - Processing file /opt/airflow/dags/data_ingestion_gcs_dag.py for tasks to queue
[2022-08-02 03:53:27,657] {logging_mixin.py:109} INFO - [2022-08-02 03:53:27,657] {dagbag.py:500} INFO - Filling up the DagBag from /opt/airflow/dags/data_ingestion_gcs_dag.py
[2022-08-02 03:53:28,545] {processor.py:654} INFO - DAG(s) dict_keys(['data_ingestion_gcs_dag']) retrieved from /opt/airflow/dags/data_ingestion_gcs_dag.py
[2022-08-02 03:53:28,564] {logging_mixin.py:109} INFO - [2022-08-02 03:53:28,564] {dag.py:2396} INFO - Sync 1 DAGs
[2022-08-02 03:53:28,611] {processor.py:171} INFO - Processing /opt/airflow/dags/data_ingestion_gcs_dag.py took 0.963 seconds
[2022-08-02 03:53:58,840] {processor.py:163} INFO - Started process (PID=327) to work on /opt/airflow/dags/data_ingestion_gcs_dag.py
[2022-08-02 03:53:58,844] {processor.py:642} INFO - Processing file /opt/airflow/dags/data_ingestion_gcs_dag.py for tasks to queue
[2022-08-02 03:53:58,846] {logging_mixin.py:109} INFO - [2022-08-02 03:53:58,845] {dagbag.py:500} INFO - Filling up the DagBag from /opt/airflow/dags/data_ingestion_gcs_dag.py
[2022-08-02 03:53:59,877] {processor.py:654} INFO - DAG(s) dict_keys(['data_ingestion_gcs_dag']) retrieved from /opt/airflow/dags/data_ingestion_gcs_dag.py
[2022-08-02 03:53:59,898] {logging_mixin.py:109} INFO - [2022-08-02 03:53:59,898] {dag.py:2396} INFO - Sync 1 DAGs
[2022-08-02 03:53:59,945] {processor.py:171} INFO - Processing /opt/airflow/dags/data_ingestion_gcs_dag.py took 1.110 seconds
[2022-08-02 03:54:30,098] {processor.py:163} INFO - Started process (PID=361) to work on /opt/airflow/dags/data_ingestion_gcs_dag.py
[2022-08-02 03:54:30,100] {processor.py:642} INFO - Processing file /opt/airflow/dags/data_ingestion_gcs_dag.py for tasks to queue
[2022-08-02 03:54:30,102] {logging_mixin.py:109} INFO - [2022-08-02 03:54:30,102] {dagbag.py:500} INFO - Filling up the DagBag from /opt/airflow/dags/data_ingestion_gcs_dag.py
[2022-08-02 03:54:31,317] {processor.py:654} INFO - DAG(s) dict_keys(['data_ingestion_gcs_dag']) retrieved from /opt/airflow/dags/data_ingestion_gcs_dag.py
[2022-08-02 03:54:31,354] {logging_mixin.py:109} INFO - [2022-08-02 03:54:31,353] {dag.py:2396} INFO - Sync 1 DAGs
[2022-08-02 03:54:31,417] {processor.py:171} INFO - Processing /opt/airflow/dags/data_ingestion_gcs_dag.py took 1.323 seconds
[2022-08-02 03:55:01,717] {processor.py:163} INFO - Started process (PID=393) to work on /opt/airflow/dags/data_ingestion_gcs_dag.py
[2022-08-02 03:55:01,719] {processor.py:642} INFO - Processing file /opt/airflow/dags/data_ingestion_gcs_dag.py for tasks to queue
[2022-08-02 03:55:01,721] {logging_mixin.py:109} INFO - [2022-08-02 03:55:01,721] {dagbag.py:500} INFO - Filling up the DagBag from /opt/airflow/dags/data_ingestion_gcs_dag.py
[2022-08-02 03:55:02,730] {processor.py:654} INFO - DAG(s) dict_keys(['data_ingestion_gcs_dag']) retrieved from /opt/airflow/dags/data_ingestion_gcs_dag.py
[2022-08-02 03:55:02,746] {logging_mixin.py:109} INFO - [2022-08-02 03:55:02,745] {dag.py:2396} INFO - Sync 1 DAGs
[2022-08-02 03:55:02,788] {processor.py:171} INFO - Processing /opt/airflow/dags/data_ingestion_gcs_dag.py took 1.076 seconds
[2022-08-02 03:55:32,927] {processor.py:163} INFO - Started process (PID=420) to work on /opt/airflow/dags/data_ingestion_gcs_dag.py
[2022-08-02 03:55:32,929] {processor.py:642} INFO - Processing file /opt/airflow/dags/data_ingestion_gcs_dag.py for tasks to queue
[2022-08-02 03:55:32,930] {logging_mixin.py:109} INFO - [2022-08-02 03:55:32,930] {dagbag.py:500} INFO - Filling up the DagBag from /opt/airflow/dags/data_ingestion_gcs_dag.py
[2022-08-02 03:55:33,944] {processor.py:654} INFO - DAG(s) dict_keys(['data_ingestion_gcs_dag']) retrieved from /opt/airflow/dags/data_ingestion_gcs_dag.py
[2022-08-02 03:55:33,960] {logging_mixin.py:109} INFO - [2022-08-02 03:55:33,960] {dag.py:2396} INFO - Sync 1 DAGs
[2022-08-02 03:55:33,998] {processor.py:171} INFO - Processing /opt/airflow/dags/data_ingestion_gcs_dag.py took 1.075 seconds
[2022-08-02 03:56:04,195] {processor.py:163} INFO - Started process (PID=445) to work on /opt/airflow/dags/data_ingestion_gcs_dag.py
[2022-08-02 03:56:04,199] {processor.py:642} INFO - Processing file /opt/airflow/dags/data_ingestion_gcs_dag.py for tasks to queue
[2022-08-02 03:56:04,200] {logging_mixin.py:109} INFO - [2022-08-02 03:56:04,200] {dagbag.py:500} INFO - Filling up the DagBag from /opt/airflow/dags/data_ingestion_gcs_dag.py
[2022-08-02 03:56:05,117] {processor.py:654} INFO - DAG(s) dict_keys(['data_ingestion_gcs_dag']) retrieved from /opt/airflow/dags/data_ingestion_gcs_dag.py
[2022-08-02 03:56:05,134] {logging_mixin.py:109} INFO - [2022-08-02 03:56:05,134] {dag.py:2396} INFO - Sync 1 DAGs
[2022-08-02 03:56:05,182] {processor.py:171} INFO - Processing /opt/airflow/dags/data_ingestion_gcs_dag.py took 0.992 seconds
[2022-08-02 03:56:14,244] {processor.py:163} INFO - Started process (PID=461) to work on /opt/airflow/dags/data_ingestion_gcs_dag.py
[2022-08-02 03:56:14,247] {processor.py:642} INFO - Processing file /opt/airflow/dags/data_ingestion_gcs_dag.py for tasks to queue
[2022-08-02 03:56:14,249] {logging_mixin.py:109} INFO - [2022-08-02 03:56:14,249] {dagbag.py:500} INFO - Filling up the DagBag from /opt/airflow/dags/data_ingestion_gcs_dag.py
[2022-08-02 03:56:15,164] {processor.py:654} INFO - DAG(s) dict_keys(['data_ingestion_gcs_dag']) retrieved from /opt/airflow/dags/data_ingestion_gcs_dag.py
[2022-08-02 03:56:15,183] {logging_mixin.py:109} INFO - [2022-08-02 03:56:15,183] {dag.py:2396} INFO - Sync 1 DAGs
[2022-08-02 03:56:15,232] {processor.py:171} INFO - Processing /opt/airflow/dags/data_ingestion_gcs_dag.py took 0.995 seconds
[2022-08-02 03:56:19,285] {processor.py:163} INFO - Started process (PID=477) to work on /opt/airflow/dags/data_ingestion_gcs_dag.py
[2022-08-02 03:56:19,288] {processor.py:642} INFO - Processing file /opt/airflow/dags/data_ingestion_gcs_dag.py for tasks to queue
[2022-08-02 03:56:19,290] {logging_mixin.py:109} INFO - [2022-08-02 03:56:19,290] {dagbag.py:500} INFO - Filling up the DagBag from /opt/airflow/dags/data_ingestion_gcs_dag.py
[2022-08-02 03:56:20,326] {processor.py:654} INFO - DAG(s) dict_keys(['data_ingestion_gcs_dag']) retrieved from /opt/airflow/dags/data_ingestion_gcs_dag.py
[2022-08-02 03:56:20,902] {logging_mixin.py:109} INFO - [2022-08-02 03:56:20,901] {dag.py:2396} INFO - Sync 1 DAGs
[2022-08-02 03:56:20,941] {processor.py:171} INFO - Processing /opt/airflow/dags/data_ingestion_gcs_dag.py took 1.661 seconds
[2022-08-02 03:57:17,256] {processor.py:163} INFO - Started process (PID=30) to work on /opt/airflow/dags/data_ingestion_gcs_dag.py
[2022-08-02 03:57:17,258] {processor.py:642} INFO - Processing file /opt/airflow/dags/data_ingestion_gcs_dag.py for tasks to queue
[2022-08-02 03:57:17,259] {logging_mixin.py:109} INFO - [2022-08-02 03:57:17,259] {dagbag.py:500} INFO - Filling up the DagBag from /opt/airflow/dags/data_ingestion_gcs_dag.py
[2022-08-02 03:57:19,822] {processor.py:654} INFO - DAG(s) dict_keys(['data_ingestion_gcs_dag']) retrieved from /opt/airflow/dags/data_ingestion_gcs_dag.py
[2022-08-02 03:57:19,838] {logging_mixin.py:109} INFO - [2022-08-02 03:57:19,838] {dag.py:2396} INFO - Sync 1 DAGs
[2022-08-02 03:57:19,873] {processor.py:171} INFO - Processing /opt/airflow/dags/data_ingestion_gcs_dag.py took 2.622 seconds
[2022-08-02 03:57:50,082] {processor.py:163} INFO - Started process (PID=64) to work on /opt/airflow/dags/data_ingestion_gcs_dag.py
[2022-08-02 03:57:50,085] {processor.py:642} INFO - Processing file /opt/airflow/dags/data_ingestion_gcs_dag.py for tasks to queue
[2022-08-02 03:57:50,087] {logging_mixin.py:109} INFO - [2022-08-02 03:57:50,087] {dagbag.py:500} INFO - Filling up the DagBag from /opt/airflow/dags/data_ingestion_gcs_dag.py
[2022-08-02 03:57:50,999] {processor.py:654} INFO - DAG(s) dict_keys(['data_ingestion_gcs_dag']) retrieved from /opt/airflow/dags/data_ingestion_gcs_dag.py
[2022-08-02 03:57:51,020] {logging_mixin.py:109} INFO - [2022-08-02 03:57:51,019] {dag.py:2396} INFO - Sync 1 DAGs
[2022-08-02 03:57:51,074] {processor.py:171} INFO - Processing /opt/airflow/dags/data_ingestion_gcs_dag.py took 0.996 seconds
[2022-08-02 03:58:21,251] {processor.py:163} INFO - Started process (PID=97) to work on /opt/airflow/dags/data_ingestion_gcs_dag.py
[2022-08-02 03:58:21,253] {processor.py:642} INFO - Processing file /opt/airflow/dags/data_ingestion_gcs_dag.py for tasks to queue
[2022-08-02 03:58:21,254] {logging_mixin.py:109} INFO - [2022-08-02 03:58:21,254] {dagbag.py:500} INFO - Filling up the DagBag from /opt/airflow/dags/data_ingestion_gcs_dag.py
[2022-08-02 03:58:22,000] {processor.py:654} INFO - DAG(s) dict_keys(['data_ingestion_gcs_dag']) retrieved from /opt/airflow/dags/data_ingestion_gcs_dag.py
[2022-08-02 03:58:22,012] {logging_mixin.py:109} INFO - [2022-08-02 03:58:22,012] {dag.py:2396} INFO - Sync 1 DAGs
[2022-08-02 03:58:22,048] {processor.py:171} INFO - Processing /opt/airflow/dags/data_ingestion_gcs_dag.py took 0.802 seconds
[2022-08-02 03:58:52,250] {processor.py:163} INFO - Started process (PID=122) to work on /opt/airflow/dags/data_ingestion_gcs_dag.py
[2022-08-02 03:58:52,252] {processor.py:642} INFO - Processing file /opt/airflow/dags/data_ingestion_gcs_dag.py for tasks to queue
[2022-08-02 03:58:52,255] {logging_mixin.py:109} INFO - [2022-08-02 03:58:52,254] {dagbag.py:500} INFO - Filling up the DagBag from /opt/airflow/dags/data_ingestion_gcs_dag.py
[2022-08-02 03:58:53,245] {processor.py:654} INFO - DAG(s) dict_keys(['data_ingestion_gcs_dag']) retrieved from /opt/airflow/dags/data_ingestion_gcs_dag.py
[2022-08-02 03:58:53,262] {logging_mixin.py:109} INFO - [2022-08-02 03:58:53,261] {dag.py:2396} INFO - Sync 1 DAGs
[2022-08-02 03:58:53,315] {processor.py:171} INFO - Processing /opt/airflow/dags/data_ingestion_gcs_dag.py took 1.068 seconds
[2022-08-02 03:59:23,459] {processor.py:163} INFO - Started process (PID=156) to work on /opt/airflow/dags/data_ingestion_gcs_dag.py
[2022-08-02 03:59:23,461] {processor.py:642} INFO - Processing file /opt/airflow/dags/data_ingestion_gcs_dag.py for tasks to queue
[2022-08-02 03:59:23,463] {logging_mixin.py:109} INFO - [2022-08-02 03:59:23,462] {dagbag.py:500} INFO - Filling up the DagBag from /opt/airflow/dags/data_ingestion_gcs_dag.py
[2022-08-02 03:59:24,411] {processor.py:654} INFO - DAG(s) dict_keys(['data_ingestion_gcs_dag']) retrieved from /opt/airflow/dags/data_ingestion_gcs_dag.py
[2022-08-02 03:59:24,425] {logging_mixin.py:109} INFO - [2022-08-02 03:59:24,424] {dag.py:2396} INFO - Sync 1 DAGs
[2022-08-02 03:59:24,472] {processor.py:171} INFO - Processing /opt/airflow/dags/data_ingestion_gcs_dag.py took 1.016 seconds
[2022-08-02 03:59:54,702] {processor.py:163} INFO - Started process (PID=181) to work on /opt/airflow/dags/data_ingestion_gcs_dag.py
[2022-08-02 03:59:54,705] {processor.py:642} INFO - Processing file /opt/airflow/dags/data_ingestion_gcs_dag.py for tasks to queue
[2022-08-02 03:59:54,710] {logging_mixin.py:109} INFO - [2022-08-02 03:59:54,710] {dagbag.py:500} INFO - Filling up the DagBag from /opt/airflow/dags/data_ingestion_gcs_dag.py
[2022-08-02 03:59:55,791] {processor.py:654} INFO - DAG(s) dict_keys(['data_ingestion_gcs_dag']) retrieved from /opt/airflow/dags/data_ingestion_gcs_dag.py
[2022-08-02 03:59:55,822] {logging_mixin.py:109} INFO - [2022-08-02 03:59:55,821] {dag.py:2396} INFO - Sync 1 DAGs
[2022-08-02 03:59:55,873] {processor.py:171} INFO - Processing /opt/airflow/dags/data_ingestion_gcs_dag.py took 1.177 seconds
[2022-08-02 04:00:26,060] {processor.py:163} INFO - Started process (PID=215) to work on /opt/airflow/dags/data_ingestion_gcs_dag.py
[2022-08-02 04:00:26,062] {processor.py:642} INFO - Processing file /opt/airflow/dags/data_ingestion_gcs_dag.py for tasks to queue
[2022-08-02 04:00:26,064] {logging_mixin.py:109} INFO - [2022-08-02 04:00:26,064] {dagbag.py:500} INFO - Filling up the DagBag from /opt/airflow/dags/data_ingestion_gcs_dag.py
[2022-08-02 04:00:27,120] {processor.py:654} INFO - DAG(s) dict_keys(['data_ingestion_gcs_dag']) retrieved from /opt/airflow/dags/data_ingestion_gcs_dag.py
[2022-08-02 04:00:27,141] {logging_mixin.py:109} INFO - [2022-08-02 04:00:27,140] {dag.py:2396} INFO - Sync 1 DAGs
[2022-08-02 04:00:27,186] {processor.py:171} INFO - Processing /opt/airflow/dags/data_ingestion_gcs_dag.py took 1.130 seconds
[2022-08-02 04:00:57,360] {processor.py:163} INFO - Started process (PID=240) to work on /opt/airflow/dags/data_ingestion_gcs_dag.py
[2022-08-02 04:00:57,361] {processor.py:642} INFO - Processing file /opt/airflow/dags/data_ingestion_gcs_dag.py for tasks to queue
[2022-08-02 04:00:57,363] {logging_mixin.py:109} INFO - [2022-08-02 04:00:57,363] {dagbag.py:500} INFO - Filling up the DagBag from /opt/airflow/dags/data_ingestion_gcs_dag.py
[2022-08-02 04:00:58,591] {processor.py:654} INFO - DAG(s) dict_keys(['data_ingestion_gcs_dag']) retrieved from /opt/airflow/dags/data_ingestion_gcs_dag.py
[2022-08-02 04:00:58,610] {logging_mixin.py:109} INFO - [2022-08-02 04:00:58,609] {dag.py:2396} INFO - Sync 1 DAGs
[2022-08-02 04:00:58,653] {processor.py:171} INFO - Processing /opt/airflow/dags/data_ingestion_gcs_dag.py took 1.299 seconds
[2022-08-02 04:01:28,886] {processor.py:163} INFO - Started process (PID=274) to work on /opt/airflow/dags/data_ingestion_gcs_dag.py
[2022-08-02 04:01:28,888] {processor.py:642} INFO - Processing file /opt/airflow/dags/data_ingestion_gcs_dag.py for tasks to queue
[2022-08-02 04:01:28,890] {logging_mixin.py:109} INFO - [2022-08-02 04:01:28,889] {dagbag.py:500} INFO - Filling up the DagBag from /opt/airflow/dags/data_ingestion_gcs_dag.py
[2022-08-02 04:01:29,898] {processor.py:654} INFO - DAG(s) dict_keys(['data_ingestion_gcs_dag']) retrieved from /opt/airflow/dags/data_ingestion_gcs_dag.py
[2022-08-02 04:01:29,917] {logging_mixin.py:109} INFO - [2022-08-02 04:01:29,917] {dag.py:2396} INFO - Sync 1 DAGs
[2022-08-02 04:01:29,964] {processor.py:171} INFO - Processing /opt/airflow/dags/data_ingestion_gcs_dag.py took 1.082 seconds
[2022-08-02 04:02:00,044] {processor.py:163} INFO - Started process (PID=299) to work on /opt/airflow/dags/data_ingestion_gcs_dag.py
[2022-08-02 04:02:00,046] {processor.py:642} INFO - Processing file /opt/airflow/dags/data_ingestion_gcs_dag.py for tasks to queue
[2022-08-02 04:02:00,048] {logging_mixin.py:109} INFO - [2022-08-02 04:02:00,048] {dagbag.py:500} INFO - Filling up the DagBag from /opt/airflow/dags/data_ingestion_gcs_dag.py
[2022-08-02 04:02:01,192] {processor.py:654} INFO - DAG(s) dict_keys(['data_ingestion_gcs_dag']) retrieved from /opt/airflow/dags/data_ingestion_gcs_dag.py
[2022-08-02 04:02:01,213] {logging_mixin.py:109} INFO - [2022-08-02 04:02:01,213] {dag.py:2396} INFO - Sync 1 DAGs
[2022-08-02 04:02:01,263] {processor.py:171} INFO - Processing /opt/airflow/dags/data_ingestion_gcs_dag.py took 1.222 seconds
[2022-08-02 04:02:31,359] {processor.py:163} INFO - Started process (PID=333) to work on /opt/airflow/dags/data_ingestion_gcs_dag.py
[2022-08-02 04:02:31,361] {processor.py:642} INFO - Processing file /opt/airflow/dags/data_ingestion_gcs_dag.py for tasks to queue
[2022-08-02 04:02:31,363] {logging_mixin.py:109} INFO - [2022-08-02 04:02:31,362] {dagbag.py:500} INFO - Filling up the DagBag from /opt/airflow/dags/data_ingestion_gcs_dag.py
[2022-08-02 04:02:32,373] {processor.py:654} INFO - DAG(s) dict_keys(['data_ingestion_gcs_dag']) retrieved from /opt/airflow/dags/data_ingestion_gcs_dag.py
[2022-08-02 04:02:32,388] {logging_mixin.py:109} INFO - [2022-08-02 04:02:32,388] {dag.py:2396} INFO - Sync 1 DAGs
[2022-08-02 04:02:32,460] {processor.py:171} INFO - Processing /opt/airflow/dags/data_ingestion_gcs_dag.py took 1.080 seconds
[2022-08-02 04:03:02,749] {processor.py:163} INFO - Started process (PID=359) to work on /opt/airflow/dags/data_ingestion_gcs_dag.py
[2022-08-02 04:03:02,752] {processor.py:642} INFO - Processing file /opt/airflow/dags/data_ingestion_gcs_dag.py for tasks to queue
[2022-08-02 04:03:02,754] {logging_mixin.py:109} INFO - [2022-08-02 04:03:02,754] {dagbag.py:500} INFO - Filling up the DagBag from /opt/airflow/dags/data_ingestion_gcs_dag.py
[2022-08-02 04:03:03,851] {processor.py:654} INFO - DAG(s) dict_keys(['data_ingestion_gcs_dag']) retrieved from /opt/airflow/dags/data_ingestion_gcs_dag.py
[2022-08-02 04:03:03,861] {logging_mixin.py:109} INFO - [2022-08-02 04:03:03,861] {dag.py:2396} INFO - Sync 1 DAGs
[2022-08-02 04:03:03,894] {processor.py:171} INFO - Processing /opt/airflow/dags/data_ingestion_gcs_dag.py took 1.148 seconds
[2022-08-02 04:03:34,082] {processor.py:163} INFO - Started process (PID=393) to work on /opt/airflow/dags/data_ingestion_gcs_dag.py
[2022-08-02 04:03:34,084] {processor.py:642} INFO - Processing file /opt/airflow/dags/data_ingestion_gcs_dag.py for tasks to queue
[2022-08-02 04:03:34,086] {logging_mixin.py:109} INFO - [2022-08-02 04:03:34,086] {dagbag.py:500} INFO - Filling up the DagBag from /opt/airflow/dags/data_ingestion_gcs_dag.py
[2022-08-02 04:03:35,074] {processor.py:654} INFO - DAG(s) dict_keys(['data_ingestion_gcs_dag']) retrieved from /opt/airflow/dags/data_ingestion_gcs_dag.py
[2022-08-02 04:03:35,099] {logging_mixin.py:109} INFO - [2022-08-02 04:03:35,098] {dag.py:2396} INFO - Sync 1 DAGs
[2022-08-02 04:03:35,171] {processor.py:171} INFO - Processing /opt/airflow/dags/data_ingestion_gcs_dag.py took 1.095 seconds
[2022-08-02 04:04:05,329] {processor.py:163} INFO - Started process (PID=418) to work on /opt/airflow/dags/data_ingestion_gcs_dag.py
[2022-08-02 04:04:05,341] {processor.py:642} INFO - Processing file /opt/airflow/dags/data_ingestion_gcs_dag.py for tasks to queue
[2022-08-02 04:04:05,344] {logging_mixin.py:109} INFO - [2022-08-02 04:04:05,344] {dagbag.py:500} INFO - Filling up the DagBag from /opt/airflow/dags/data_ingestion_gcs_dag.py
[2022-08-02 04:04:06,370] {processor.py:654} INFO - DAG(s) dict_keys(['data_ingestion_gcs_dag']) retrieved from /opt/airflow/dags/data_ingestion_gcs_dag.py
[2022-08-02 04:04:06,387] {logging_mixin.py:109} INFO - [2022-08-02 04:04:06,387] {dag.py:2396} INFO - Sync 1 DAGs
[2022-08-02 04:04:06,419] {processor.py:171} INFO - Processing /opt/airflow/dags/data_ingestion_gcs_dag.py took 1.099 seconds
[2022-08-02 04:04:36,556] {processor.py:163} INFO - Started process (PID=442) to work on /opt/airflow/dags/data_ingestion_gcs_dag.py
[2022-08-02 04:04:36,569] {processor.py:642} INFO - Processing file /opt/airflow/dags/data_ingestion_gcs_dag.py for tasks to queue
[2022-08-02 04:04:36,572] {logging_mixin.py:109} INFO - [2022-08-02 04:04:36,572] {dagbag.py:500} INFO - Filling up the DagBag from /opt/airflow/dags/data_ingestion_gcs_dag.py
[2022-08-02 04:04:37,849] {processor.py:654} INFO - DAG(s) dict_keys(['data_ingestion_gcs_dag']) retrieved from /opt/airflow/dags/data_ingestion_gcs_dag.py
[2022-08-02 04:04:37,875] {logging_mixin.py:109} INFO - [2022-08-02 04:04:37,875] {dag.py:2396} INFO - Sync 1 DAGs
[2022-08-02 04:04:37,905] {processor.py:171} INFO - Processing /opt/airflow/dags/data_ingestion_gcs_dag.py took 1.355 seconds
[2022-08-02 04:05:08,093] {processor.py:163} INFO - Started process (PID=476) to work on /opt/airflow/dags/data_ingestion_gcs_dag.py
[2022-08-02 04:05:08,095] {processor.py:642} INFO - Processing file /opt/airflow/dags/data_ingestion_gcs_dag.py for tasks to queue
[2022-08-02 04:05:08,097] {logging_mixin.py:109} INFO - [2022-08-02 04:05:08,097] {dagbag.py:500} INFO - Filling up the DagBag from /opt/airflow/dags/data_ingestion_gcs_dag.py
[2022-08-02 04:05:08,897] {processor.py:654} INFO - DAG(s) dict_keys(['data_ingestion_gcs_dag']) retrieved from /opt/airflow/dags/data_ingestion_gcs_dag.py
[2022-08-02 04:05:08,911] {logging_mixin.py:109} INFO - [2022-08-02 04:05:08,911] {dag.py:2396} INFO - Sync 1 DAGs
[2022-08-02 04:05:08,949] {processor.py:171} INFO - Processing /opt/airflow/dags/data_ingestion_gcs_dag.py took 0.858 seconds
[2022-08-02 04:05:39,116] {processor.py:163} INFO - Started process (PID=502) to work on /opt/airflow/dags/data_ingestion_gcs_dag.py
[2022-08-02 04:05:39,118] {processor.py:642} INFO - Processing file /opt/airflow/dags/data_ingestion_gcs_dag.py for tasks to queue
[2022-08-02 04:05:39,120] {logging_mixin.py:109} INFO - [2022-08-02 04:05:39,119] {dagbag.py:500} INFO - Filling up the DagBag from /opt/airflow/dags/data_ingestion_gcs_dag.py
[2022-08-02 04:05:40,288] {processor.py:654} INFO - DAG(s) dict_keys(['data_ingestion_gcs_dag']) retrieved from /opt/airflow/dags/data_ingestion_gcs_dag.py
[2022-08-02 04:05:40,299] {logging_mixin.py:109} INFO - [2022-08-02 04:05:40,299] {dag.py:2396} INFO - Sync 1 DAGs
[2022-08-02 04:05:40,325] {logging_mixin.py:109} INFO - [2022-08-02 04:05:40,325] {dag.py:2935} INFO - Setting next_dagrun for data_ingestion_gcs_dag to 2022-08-02T00:00:00+00:00
[2022-08-02 04:05:40,341] {processor.py:171} INFO - Processing /opt/airflow/dags/data_ingestion_gcs_dag.py took 1.228 seconds
[2022-08-02 04:06:10,525] {processor.py:163} INFO - Started process (PID=536) to work on /opt/airflow/dags/data_ingestion_gcs_dag.py
[2022-08-02 04:06:10,527] {processor.py:642} INFO - Processing file /opt/airflow/dags/data_ingestion_gcs_dag.py for tasks to queue
[2022-08-02 04:06:10,529] {logging_mixin.py:109} INFO - [2022-08-02 04:06:10,529] {dagbag.py:500} INFO - Filling up the DagBag from /opt/airflow/dags/data_ingestion_gcs_dag.py
[2022-08-02 04:06:11,247] {processor.py:654} INFO - DAG(s) dict_keys(['data_ingestion_gcs_dag']) retrieved from /opt/airflow/dags/data_ingestion_gcs_dag.py
[2022-08-02 04:06:11,265] {logging_mixin.py:109} INFO - [2022-08-02 04:06:11,265] {dag.py:2396} INFO - Sync 1 DAGs
[2022-08-02 04:06:11,289] {logging_mixin.py:109} INFO - [2022-08-02 04:06:11,289] {dag.py:2935} INFO - Setting next_dagrun for data_ingestion_gcs_dag to 2022-08-02T00:00:00+00:00
[2022-08-02 04:06:11,309] {processor.py:171} INFO - Processing /opt/airflow/dags/data_ingestion_gcs_dag.py took 0.787 seconds
[2022-08-02 04:06:41,545] {processor.py:163} INFO - Started process (PID=561) to work on /opt/airflow/dags/data_ingestion_gcs_dag.py
[2022-08-02 04:06:41,547] {processor.py:642} INFO - Processing file /opt/airflow/dags/data_ingestion_gcs_dag.py for tasks to queue
[2022-08-02 04:06:41,549] {logging_mixin.py:109} INFO - [2022-08-02 04:06:41,549] {dagbag.py:500} INFO - Filling up the DagBag from /opt/airflow/dags/data_ingestion_gcs_dag.py
[2022-08-02 04:06:42,846] {processor.py:654} INFO - DAG(s) dict_keys(['data_ingestion_gcs_dag']) retrieved from /opt/airflow/dags/data_ingestion_gcs_dag.py
[2022-08-02 04:06:42,862] {logging_mixin.py:109} INFO - [2022-08-02 04:06:42,862] {dag.py:2396} INFO - Sync 1 DAGs
[2022-08-02 04:06:42,885] {logging_mixin.py:109} INFO - [2022-08-02 04:06:42,885] {dag.py:2935} INFO - Setting next_dagrun for data_ingestion_gcs_dag to 2022-08-02T00:00:00+00:00
[2022-08-02 04:06:42,901] {processor.py:171} INFO - Processing /opt/airflow/dags/data_ingestion_gcs_dag.py took 1.359 seconds
[2022-08-02 04:06:54,635] {processor.py:163} INFO - Started process (PID=585) to work on /opt/airflow/dags/data_ingestion_gcs_dag.py
[2022-08-02 04:06:54,637] {processor.py:642} INFO - Processing file /opt/airflow/dags/data_ingestion_gcs_dag.py for tasks to queue
[2022-08-02 04:06:54,639] {logging_mixin.py:109} INFO - [2022-08-02 04:06:54,639] {dagbag.py:500} INFO - Filling up the DagBag from /opt/airflow/dags/data_ingestion_gcs_dag.py
[2022-08-02 04:06:55,778] {processor.py:654} INFO - DAG(s) dict_keys(['data_ingestion_gcs_dag']) retrieved from /opt/airflow/dags/data_ingestion_gcs_dag.py
[2022-08-02 04:06:55,793] {logging_mixin.py:109} INFO - [2022-08-02 04:06:55,793] {dag.py:2396} INFO - Sync 1 DAGs
[2022-08-02 04:06:55,811] {logging_mixin.py:109} INFO - [2022-08-02 04:06:55,811] {dag.py:2935} INFO - Setting next_dagrun for data_ingestion_gcs_dag to 2022-08-02T00:00:00+00:00
[2022-08-02 04:06:55,830] {processor.py:171} INFO - Processing /opt/airflow/dags/data_ingestion_gcs_dag.py took 1.202 seconds
[2022-08-02 04:08:01,161] {processor.py:163} INFO - Started process (PID=39) to work on /opt/airflow/dags/data_ingestion_gcs_dag.py
[2022-08-02 04:08:01,166] {processor.py:642} INFO - Processing file /opt/airflow/dags/data_ingestion_gcs_dag.py for tasks to queue
[2022-08-02 04:08:01,167] {logging_mixin.py:109} INFO - [2022-08-02 04:08:01,167] {dagbag.py:500} INFO - Filling up the DagBag from /opt/airflow/dags/data_ingestion_gcs_dag.py
[2022-08-02 04:08:03,838] {processor.py:654} INFO - DAG(s) dict_keys(['data_ingestion_gcs_dag']) retrieved from /opt/airflow/dags/data_ingestion_gcs_dag.py
[2022-08-02 04:08:03,850] {logging_mixin.py:109} INFO - [2022-08-02 04:08:03,850] {dag.py:2396} INFO - Sync 1 DAGs
[2022-08-02 04:08:03,869] {logging_mixin.py:109} INFO - [2022-08-02 04:08:03,869] {dag.py:2935} INFO - Setting next_dagrun for data_ingestion_gcs_dag to 2022-08-02T00:00:00+00:00
[2022-08-02 04:08:03,886] {processor.py:171} INFO - Processing /opt/airflow/dags/data_ingestion_gcs_dag.py took 2.684 seconds
[2022-08-02 04:08:34,087] {processor.py:163} INFO - Started process (PID=65) to work on /opt/airflow/dags/data_ingestion_gcs_dag.py
[2022-08-02 04:08:34,102] {processor.py:642} INFO - Processing file /opt/airflow/dags/data_ingestion_gcs_dag.py for tasks to queue
[2022-08-02 04:08:34,105] {logging_mixin.py:109} INFO - [2022-08-02 04:08:34,105] {dagbag.py:500} INFO - Filling up the DagBag from /opt/airflow/dags/data_ingestion_gcs_dag.py
[2022-08-02 04:08:35,199] {processor.py:654} INFO - DAG(s) dict_keys(['data_ingestion_gcs_dag']) retrieved from /opt/airflow/dags/data_ingestion_gcs_dag.py
[2022-08-02 04:08:35,219] {logging_mixin.py:109} INFO - [2022-08-02 04:08:35,219] {dag.py:2396} INFO - Sync 1 DAGs
[2022-08-02 04:08:35,244] {logging_mixin.py:109} INFO - [2022-08-02 04:08:35,244] {dag.py:2935} INFO - Setting next_dagrun for data_ingestion_gcs_dag to 2022-08-02T00:00:00+00:00
[2022-08-02 04:08:35,270] {processor.py:171} INFO - Processing /opt/airflow/dags/data_ingestion_gcs_dag.py took 1.191 seconds
[2022-08-02 04:09:05,481] {processor.py:163} INFO - Started process (PID=100) to work on /opt/airflow/dags/data_ingestion_gcs_dag.py
[2022-08-02 04:09:05,482] {processor.py:642} INFO - Processing file /opt/airflow/dags/data_ingestion_gcs_dag.py for tasks to queue
[2022-08-02 04:09:05,484] {logging_mixin.py:109} INFO - [2022-08-02 04:09:05,484] {dagbag.py:500} INFO - Filling up the DagBag from /opt/airflow/dags/data_ingestion_gcs_dag.py
[2022-08-02 04:09:06,194] {processor.py:654} INFO - DAG(s) dict_keys(['data_ingestion_gcs_dag']) retrieved from /opt/airflow/dags/data_ingestion_gcs_dag.py
[2022-08-02 04:09:06,209] {logging_mixin.py:109} INFO - [2022-08-02 04:09:06,208] {dag.py:2396} INFO - Sync 1 DAGs
[2022-08-02 04:09:06,226] {logging_mixin.py:109} INFO - [2022-08-02 04:09:06,226] {dag.py:2935} INFO - Setting next_dagrun for data_ingestion_gcs_dag to 2022-08-02T00:00:00+00:00
[2022-08-02 04:09:06,245] {processor.py:171} INFO - Processing /opt/airflow/dags/data_ingestion_gcs_dag.py took 0.769 seconds
[2022-08-02 04:09:36,434] {processor.py:163} INFO - Started process (PID=125) to work on /opt/airflow/dags/data_ingestion_gcs_dag.py
[2022-08-02 04:09:36,436] {processor.py:642} INFO - Processing file /opt/airflow/dags/data_ingestion_gcs_dag.py for tasks to queue
[2022-08-02 04:09:36,437] {logging_mixin.py:109} INFO - [2022-08-02 04:09:36,437] {dagbag.py:500} INFO - Filling up the DagBag from /opt/airflow/dags/data_ingestion_gcs_dag.py
[2022-08-02 04:09:37,194] {processor.py:654} INFO - DAG(s) dict_keys(['data_ingestion_gcs_dag']) retrieved from /opt/airflow/dags/data_ingestion_gcs_dag.py
[2022-08-02 04:09:37,212] {logging_mixin.py:109} INFO - [2022-08-02 04:09:37,211] {dag.py:2396} INFO - Sync 1 DAGs
[2022-08-02 04:09:37,240] {logging_mixin.py:109} INFO - [2022-08-02 04:09:37,239] {dag.py:2935} INFO - Setting next_dagrun for data_ingestion_gcs_dag to 2022-08-02T00:00:00+00:00
[2022-08-02 04:09:37,269] {processor.py:171} INFO - Processing /opt/airflow/dags/data_ingestion_gcs_dag.py took 0.838 seconds
[2022-08-02 04:10:07,494] {processor.py:163} INFO - Started process (PID=159) to work on /opt/airflow/dags/data_ingestion_gcs_dag.py
[2022-08-02 04:10:07,496] {processor.py:642} INFO - Processing file /opt/airflow/dags/data_ingestion_gcs_dag.py for tasks to queue
[2022-08-02 04:10:07,498] {logging_mixin.py:109} INFO - [2022-08-02 04:10:07,498] {dagbag.py:500} INFO - Filling up the DagBag from /opt/airflow/dags/data_ingestion_gcs_dag.py
[2022-08-02 04:10:08,476] {processor.py:654} INFO - DAG(s) dict_keys(['data_ingestion_gcs_dag']) retrieved from /opt/airflow/dags/data_ingestion_gcs_dag.py
[2022-08-02 04:10:08,491] {logging_mixin.py:109} INFO - [2022-08-02 04:10:08,491] {dag.py:2396} INFO - Sync 1 DAGs
[2022-08-02 04:10:08,508] {logging_mixin.py:109} INFO - [2022-08-02 04:10:08,508] {dag.py:2935} INFO - Setting next_dagrun for data_ingestion_gcs_dag to 2022-08-02T00:00:00+00:00
[2022-08-02 04:10:08,526] {processor.py:171} INFO - Processing /opt/airflow/dags/data_ingestion_gcs_dag.py took 1.037 seconds
[2022-08-02 04:10:38,751] {processor.py:163} INFO - Started process (PID=185) to work on /opt/airflow/dags/data_ingestion_gcs_dag.py
[2022-08-02 04:10:38,752] {processor.py:642} INFO - Processing file /opt/airflow/dags/data_ingestion_gcs_dag.py for tasks to queue
[2022-08-02 04:10:38,754] {logging_mixin.py:109} INFO - [2022-08-02 04:10:38,753] {dagbag.py:500} INFO - Filling up the DagBag from /opt/airflow/dags/data_ingestion_gcs_dag.py
[2022-08-02 04:10:39,694] {processor.py:654} INFO - DAG(s) dict_keys(['data_ingestion_gcs_dag']) retrieved from /opt/airflow/dags/data_ingestion_gcs_dag.py
[2022-08-02 04:10:39,710] {logging_mixin.py:109} INFO - [2022-08-02 04:10:39,710] {dag.py:2396} INFO - Sync 1 DAGs
[2022-08-02 04:10:39,734] {logging_mixin.py:109} INFO - [2022-08-02 04:10:39,734] {dag.py:2935} INFO - Setting next_dagrun for data_ingestion_gcs_dag to 2022-08-02T00:00:00+00:00
[2022-08-02 04:10:39,760] {processor.py:171} INFO - Processing /opt/airflow/dags/data_ingestion_gcs_dag.py took 1.014 seconds
[2022-08-02 04:11:09,928] {processor.py:163} INFO - Started process (PID=219) to work on /opt/airflow/dags/data_ingestion_gcs_dag.py
[2022-08-02 04:11:09,930] {processor.py:642} INFO - Processing file /opt/airflow/dags/data_ingestion_gcs_dag.py for tasks to queue
[2022-08-02 04:11:09,932] {logging_mixin.py:109} INFO - [2022-08-02 04:11:09,932] {dagbag.py:500} INFO - Filling up the DagBag from /opt/airflow/dags/data_ingestion_gcs_dag.py
[2022-08-02 04:11:10,845] {processor.py:654} INFO - DAG(s) dict_keys(['data_ingestion_gcs_dag']) retrieved from /opt/airflow/dags/data_ingestion_gcs_dag.py
[2022-08-02 04:11:10,860] {logging_mixin.py:109} INFO - [2022-08-02 04:11:10,859] {dag.py:2396} INFO - Sync 1 DAGs
[2022-08-02 04:11:10,879] {logging_mixin.py:109} INFO - [2022-08-02 04:11:10,879] {dag.py:2935} INFO - Setting next_dagrun for data_ingestion_gcs_dag to 2022-08-02T00:00:00+00:00
[2022-08-02 04:11:10,904] {processor.py:171} INFO - Processing /opt/airflow/dags/data_ingestion_gcs_dag.py took 0.980 seconds
[2022-08-02 04:11:41,161] {processor.py:163} INFO - Started process (PID=244) to work on /opt/airflow/dags/data_ingestion_gcs_dag.py
[2022-08-02 04:11:41,163] {processor.py:642} INFO - Processing file /opt/airflow/dags/data_ingestion_gcs_dag.py for tasks to queue
[2022-08-02 04:11:41,164] {logging_mixin.py:109} INFO - [2022-08-02 04:11:41,164] {dagbag.py:500} INFO - Filling up the DagBag from /opt/airflow/dags/data_ingestion_gcs_dag.py
[2022-08-02 04:11:42,116] {processor.py:654} INFO - DAG(s) dict_keys(['data_ingestion_gcs_dag']) retrieved from /opt/airflow/dags/data_ingestion_gcs_dag.py
[2022-08-02 04:11:42,136] {logging_mixin.py:109} INFO - [2022-08-02 04:11:42,135] {dag.py:2396} INFO - Sync 1 DAGs
[2022-08-02 04:11:42,159] {logging_mixin.py:109} INFO - [2022-08-02 04:11:42,159] {dag.py:2935} INFO - Setting next_dagrun for data_ingestion_gcs_dag to 2022-08-02T00:00:00+00:00
[2022-08-02 04:11:42,181] {processor.py:171} INFO - Processing /opt/airflow/dags/data_ingestion_gcs_dag.py took 1.024 seconds
[2022-08-02 04:12:12,343] {processor.py:163} INFO - Started process (PID=279) to work on /opt/airflow/dags/data_ingestion_gcs_dag.py
[2022-08-02 04:12:12,345] {processor.py:642} INFO - Processing file /opt/airflow/dags/data_ingestion_gcs_dag.py for tasks to queue
[2022-08-02 04:12:12,347] {logging_mixin.py:109} INFO - [2022-08-02 04:12:12,346] {dagbag.py:500} INFO - Filling up the DagBag from /opt/airflow/dags/data_ingestion_gcs_dag.py
[2022-08-02 04:12:13,438] {processor.py:654} INFO - DAG(s) dict_keys(['data_ingestion_gcs_dag']) retrieved from /opt/airflow/dags/data_ingestion_gcs_dag.py
[2022-08-02 04:12:13,453] {logging_mixin.py:109} INFO - [2022-08-02 04:12:13,453] {dag.py:2396} INFO - Sync 1 DAGs
[2022-08-02 04:12:13,476] {logging_mixin.py:109} INFO - [2022-08-02 04:12:13,476] {dag.py:2935} INFO - Setting next_dagrun for data_ingestion_gcs_dag to 2022-08-02T00:00:00+00:00
[2022-08-02 04:12:13,500] {processor.py:171} INFO - Processing /opt/airflow/dags/data_ingestion_gcs_dag.py took 1.162 seconds
[2022-08-02 04:12:43,584] {processor.py:163} INFO - Started process (PID=304) to work on /opt/airflow/dags/data_ingestion_gcs_dag.py
[2022-08-02 04:12:43,586] {processor.py:642} INFO - Processing file /opt/airflow/dags/data_ingestion_gcs_dag.py for tasks to queue
[2022-08-02 04:12:43,588] {logging_mixin.py:109} INFO - [2022-08-02 04:12:43,588] {dagbag.py:500} INFO - Filling up the DagBag from /opt/airflow/dags/data_ingestion_gcs_dag.py
[2022-08-02 04:12:44,478] {processor.py:654} INFO - DAG(s) dict_keys(['data_ingestion_gcs_dag']) retrieved from /opt/airflow/dags/data_ingestion_gcs_dag.py
[2022-08-02 04:12:44,495] {logging_mixin.py:109} INFO - [2022-08-02 04:12:44,495] {dag.py:2396} INFO - Sync 1 DAGs
[2022-08-02 04:12:44,517] {logging_mixin.py:109} INFO - [2022-08-02 04:12:44,517] {dag.py:2935} INFO - Setting next_dagrun for data_ingestion_gcs_dag to 2022-08-02T00:00:00+00:00
[2022-08-02 04:12:44,544] {processor.py:171} INFO - Processing /opt/airflow/dags/data_ingestion_gcs_dag.py took 0.964 seconds
[2022-08-02 04:13:14,786] {processor.py:163} INFO - Started process (PID=338) to work on /opt/airflow/dags/data_ingestion_gcs_dag.py
[2022-08-02 04:13:14,788] {processor.py:642} INFO - Processing file /opt/airflow/dags/data_ingestion_gcs_dag.py for tasks to queue
[2022-08-02 04:13:14,790] {logging_mixin.py:109} INFO - [2022-08-02 04:13:14,789] {dagbag.py:500} INFO - Filling up the DagBag from /opt/airflow/dags/data_ingestion_gcs_dag.py
[2022-08-02 04:13:15,821] {processor.py:654} INFO - DAG(s) dict_keys(['data_ingestion_gcs_dag']) retrieved from /opt/airflow/dags/data_ingestion_gcs_dag.py
[2022-08-02 04:13:15,839] {logging_mixin.py:109} INFO - [2022-08-02 04:13:15,838] {dag.py:2396} INFO - Sync 1 DAGs
[2022-08-02 04:13:15,865] {logging_mixin.py:109} INFO - [2022-08-02 04:13:15,865] {dag.py:2935} INFO - Setting next_dagrun for data_ingestion_gcs_dag to 2022-08-02T00:00:00+00:00
[2022-08-02 04:13:15,885] {processor.py:171} INFO - Processing /opt/airflow/dags/data_ingestion_gcs_dag.py took 1.102 seconds
[2022-08-02 04:13:46,011] {processor.py:163} INFO - Started process (PID=364) to work on /opt/airflow/dags/data_ingestion_gcs_dag.py
[2022-08-02 04:13:46,014] {processor.py:642} INFO - Processing file /opt/airflow/dags/data_ingestion_gcs_dag.py for tasks to queue
[2022-08-02 04:13:46,016] {logging_mixin.py:109} INFO - [2022-08-02 04:13:46,015] {dagbag.py:500} INFO - Filling up the DagBag from /opt/airflow/dags/data_ingestion_gcs_dag.py
[2022-08-02 04:13:46,875] {processor.py:654} INFO - DAG(s) dict_keys(['data_ingestion_gcs_dag']) retrieved from /opt/airflow/dags/data_ingestion_gcs_dag.py
[2022-08-02 04:13:46,895] {logging_mixin.py:109} INFO - [2022-08-02 04:13:46,894] {dag.py:2396} INFO - Sync 1 DAGs
[2022-08-02 04:13:46,920] {logging_mixin.py:109} INFO - [2022-08-02 04:13:46,920] {dag.py:2935} INFO - Setting next_dagrun for data_ingestion_gcs_dag to 2022-08-02T00:00:00+00:00
[2022-08-02 04:13:46,944] {processor.py:171} INFO - Processing /opt/airflow/dags/data_ingestion_gcs_dag.py took 0.937 seconds
[2022-08-02 04:14:17,197] {processor.py:163} INFO - Started process (PID=398) to work on /opt/airflow/dags/data_ingestion_gcs_dag.py
[2022-08-02 04:14:17,198] {processor.py:642} INFO - Processing file /opt/airflow/dags/data_ingestion_gcs_dag.py for tasks to queue
[2022-08-02 04:14:17,200] {logging_mixin.py:109} INFO - [2022-08-02 04:14:17,199] {dagbag.py:500} INFO - Filling up the DagBag from /opt/airflow/dags/data_ingestion_gcs_dag.py
[2022-08-02 04:14:18,156] {processor.py:654} INFO - DAG(s) dict_keys(['data_ingestion_gcs_dag']) retrieved from /opt/airflow/dags/data_ingestion_gcs_dag.py
[2022-08-02 04:14:18,173] {logging_mixin.py:109} INFO - [2022-08-02 04:14:18,173] {dag.py:2396} INFO - Sync 1 DAGs
[2022-08-02 04:14:18,196] {logging_mixin.py:109} INFO - [2022-08-02 04:14:18,195] {dag.py:2935} INFO - Setting next_dagrun for data_ingestion_gcs_dag to 2022-08-02T00:00:00+00:00
[2022-08-02 04:14:18,219] {processor.py:171} INFO - Processing /opt/airflow/dags/data_ingestion_gcs_dag.py took 1.025 seconds
[2022-08-02 04:14:48,407] {processor.py:163} INFO - Started process (PID=423) to work on /opt/airflow/dags/data_ingestion_gcs_dag.py
[2022-08-02 04:14:48,409] {processor.py:642} INFO - Processing file /opt/airflow/dags/data_ingestion_gcs_dag.py for tasks to queue
[2022-08-02 04:14:48,411] {logging_mixin.py:109} INFO - [2022-08-02 04:14:48,411] {dagbag.py:500} INFO - Filling up the DagBag from /opt/airflow/dags/data_ingestion_gcs_dag.py
[2022-08-02 04:14:49,350] {processor.py:654} INFO - DAG(s) dict_keys(['data_ingestion_gcs_dag']) retrieved from /opt/airflow/dags/data_ingestion_gcs_dag.py
[2022-08-02 04:14:49,370] {logging_mixin.py:109} INFO - [2022-08-02 04:14:49,369] {dag.py:2396} INFO - Sync 1 DAGs
[2022-08-02 04:14:49,406] {logging_mixin.py:109} INFO - [2022-08-02 04:14:49,406] {dag.py:2935} INFO - Setting next_dagrun for data_ingestion_gcs_dag to 2022-08-02T00:00:00+00:00
[2022-08-02 04:14:49,433] {processor.py:171} INFO - Processing /opt/airflow/dags/data_ingestion_gcs_dag.py took 1.029 seconds
[2022-08-02 04:15:19,608] {processor.py:163} INFO - Started process (PID=457) to work on /opt/airflow/dags/data_ingestion_gcs_dag.py
[2022-08-02 04:15:19,609] {processor.py:642} INFO - Processing file /opt/airflow/dags/data_ingestion_gcs_dag.py for tasks to queue
[2022-08-02 04:15:19,611] {logging_mixin.py:109} INFO - [2022-08-02 04:15:19,611] {dagbag.py:500} INFO - Filling up the DagBag from /opt/airflow/dags/data_ingestion_gcs_dag.py
[2022-08-02 04:15:20,613] {processor.py:654} INFO - DAG(s) dict_keys(['data_ingestion_gcs_dag']) retrieved from /opt/airflow/dags/data_ingestion_gcs_dag.py
[2022-08-02 04:15:20,631] {logging_mixin.py:109} INFO - [2022-08-02 04:15:20,631] {dag.py:2396} INFO - Sync 1 DAGs
[2022-08-02 04:15:20,655] {logging_mixin.py:109} INFO - [2022-08-02 04:15:20,655] {dag.py:2935} INFO - Setting next_dagrun for data_ingestion_gcs_dag to 2022-08-02T00:00:00+00:00
[2022-08-02 04:15:20,684] {processor.py:171} INFO - Processing /opt/airflow/dags/data_ingestion_gcs_dag.py took 1.079 seconds
[2022-08-02 04:15:50,804] {processor.py:163} INFO - Started process (PID=482) to work on /opt/airflow/dags/data_ingestion_gcs_dag.py
[2022-08-02 04:15:50,807] {processor.py:642} INFO - Processing file /opt/airflow/dags/data_ingestion_gcs_dag.py for tasks to queue
[2022-08-02 04:15:50,809] {logging_mixin.py:109} INFO - [2022-08-02 04:15:50,809] {dagbag.py:500} INFO - Filling up the DagBag from /opt/airflow/dags/data_ingestion_gcs_dag.py
[2022-08-02 04:15:51,844] {processor.py:654} INFO - DAG(s) dict_keys(['data_ingestion_gcs_dag']) retrieved from /opt/airflow/dags/data_ingestion_gcs_dag.py
[2022-08-02 04:15:51,867] {logging_mixin.py:109} INFO - [2022-08-02 04:15:51,867] {dag.py:2396} INFO - Sync 1 DAGs
[2022-08-02 04:15:51,894] {logging_mixin.py:109} INFO - [2022-08-02 04:15:51,894] {dag.py:2935} INFO - Setting next_dagrun for data_ingestion_gcs_dag to 2022-08-02T00:00:00+00:00
[2022-08-02 04:15:51,915] {processor.py:171} INFO - Processing /opt/airflow/dags/data_ingestion_gcs_dag.py took 1.117 seconds
[2022-08-02 04:16:22,068] {processor.py:163} INFO - Started process (PID=507) to work on /opt/airflow/dags/data_ingestion_gcs_dag.py
[2022-08-02 04:16:22,070] {processor.py:642} INFO - Processing file /opt/airflow/dags/data_ingestion_gcs_dag.py for tasks to queue
[2022-08-02 04:16:22,072] {logging_mixin.py:109} INFO - [2022-08-02 04:16:22,071] {dagbag.py:500} INFO - Filling up the DagBag from /opt/airflow/dags/data_ingestion_gcs_dag.py
[2022-08-02 04:16:23,051] {processor.py:654} INFO - DAG(s) dict_keys(['data_ingestion_gcs_dag']) retrieved from /opt/airflow/dags/data_ingestion_gcs_dag.py
[2022-08-02 04:16:23,066] {logging_mixin.py:109} INFO - [2022-08-02 04:16:23,065] {dag.py:2396} INFO - Sync 1 DAGs
[2022-08-02 04:16:23,089] {logging_mixin.py:109} INFO - [2022-08-02 04:16:23,089] {dag.py:2935} INFO - Setting next_dagrun for data_ingestion_gcs_dag to 2022-08-02T00:00:00+00:00
[2022-08-02 04:16:23,111] {processor.py:171} INFO - Processing /opt/airflow/dags/data_ingestion_gcs_dag.py took 1.047 seconds
[2022-08-02 04:16:53,283] {processor.py:163} INFO - Started process (PID=541) to work on /opt/airflow/dags/data_ingestion_gcs_dag.py
[2022-08-02 04:16:53,286] {processor.py:642} INFO - Processing file /opt/airflow/dags/data_ingestion_gcs_dag.py for tasks to queue
[2022-08-02 04:16:53,288] {logging_mixin.py:109} INFO - [2022-08-02 04:16:53,288] {dagbag.py:500} INFO - Filling up the DagBag from /opt/airflow/dags/data_ingestion_gcs_dag.py
[2022-08-02 04:16:54,159] {processor.py:654} INFO - DAG(s) dict_keys(['data_ingestion_gcs_dag']) retrieved from /opt/airflow/dags/data_ingestion_gcs_dag.py
[2022-08-02 04:16:54,172] {logging_mixin.py:109} INFO - [2022-08-02 04:16:54,172] {dag.py:2396} INFO - Sync 1 DAGs
[2022-08-02 04:16:54,193] {logging_mixin.py:109} INFO - [2022-08-02 04:16:54,193] {dag.py:2935} INFO - Setting next_dagrun for data_ingestion_gcs_dag to 2022-08-02T00:00:00+00:00
[2022-08-02 04:16:54,218] {processor.py:171} INFO - Processing /opt/airflow/dags/data_ingestion_gcs_dag.py took 0.938 seconds
[2022-08-02 04:17:24,497] {processor.py:163} INFO - Started process (PID=566) to work on /opt/airflow/dags/data_ingestion_gcs_dag.py
[2022-08-02 04:17:24,499] {processor.py:642} INFO - Processing file /opt/airflow/dags/data_ingestion_gcs_dag.py for tasks to queue
[2022-08-02 04:17:24,501] {logging_mixin.py:109} INFO - [2022-08-02 04:17:24,500] {dagbag.py:500} INFO - Filling up the DagBag from /opt/airflow/dags/data_ingestion_gcs_dag.py
[2022-08-02 04:17:25,504] {processor.py:654} INFO - DAG(s) dict_keys(['data_ingestion_gcs_dag']) retrieved from /opt/airflow/dags/data_ingestion_gcs_dag.py
[2022-08-02 04:17:25,521] {logging_mixin.py:109} INFO - [2022-08-02 04:17:25,521] {dag.py:2396} INFO - Sync 1 DAGs
[2022-08-02 04:17:25,545] {logging_mixin.py:109} INFO - [2022-08-02 04:17:25,545] {dag.py:2935} INFO - Setting next_dagrun for data_ingestion_gcs_dag to 2022-08-02T00:00:00+00:00
[2022-08-02 04:17:25,566] {processor.py:171} INFO - Processing /opt/airflow/dags/data_ingestion_gcs_dag.py took 1.072 seconds
[2022-08-02 04:17:55,689] {processor.py:163} INFO - Started process (PID=600) to work on /opt/airflow/dags/data_ingestion_gcs_dag.py
[2022-08-02 04:17:55,691] {processor.py:642} INFO - Processing file /opt/airflow/dags/data_ingestion_gcs_dag.py for tasks to queue
[2022-08-02 04:17:55,693] {logging_mixin.py:109} INFO - [2022-08-02 04:17:55,693] {dagbag.py:500} INFO - Filling up the DagBag from /opt/airflow/dags/data_ingestion_gcs_dag.py
[2022-08-02 04:17:56,614] {processor.py:654} INFO - DAG(s) dict_keys(['data_ingestion_gcs_dag']) retrieved from /opt/airflow/dags/data_ingestion_gcs_dag.py
[2022-08-02 04:17:56,636] {logging_mixin.py:109} INFO - [2022-08-02 04:17:56,636] {dag.py:2396} INFO - Sync 1 DAGs
[2022-08-02 04:17:56,667] {logging_mixin.py:109} INFO - [2022-08-02 04:17:56,666] {dag.py:2935} INFO - Setting next_dagrun for data_ingestion_gcs_dag to 2022-08-02T00:00:00+00:00
[2022-08-02 04:17:56,699] {processor.py:171} INFO - Processing /opt/airflow/dags/data_ingestion_gcs_dag.py took 1.014 seconds
[2022-08-02 04:18:26,983] {processor.py:163} INFO - Started process (PID=624) to work on /opt/airflow/dags/data_ingestion_gcs_dag.py
[2022-08-02 04:18:26,985] {processor.py:642} INFO - Processing file /opt/airflow/dags/data_ingestion_gcs_dag.py for tasks to queue
[2022-08-02 04:18:26,987] {logging_mixin.py:109} INFO - [2022-08-02 04:18:26,987] {dagbag.py:500} INFO - Filling up the DagBag from /opt/airflow/dags/data_ingestion_gcs_dag.py
[2022-08-02 04:18:27,985] {processor.py:654} INFO - DAG(s) dict_keys(['data_ingestion_gcs_dag']) retrieved from /opt/airflow/dags/data_ingestion_gcs_dag.py
[2022-08-02 04:18:28,002] {logging_mixin.py:109} INFO - [2022-08-02 04:18:28,002] {dag.py:2396} INFO - Sync 1 DAGs
[2022-08-02 04:18:28,023] {logging_mixin.py:109} INFO - [2022-08-02 04:18:28,023] {dag.py:2935} INFO - Setting next_dagrun for data_ingestion_gcs_dag to 2022-08-02T00:00:00+00:00
[2022-08-02 04:18:28,052] {processor.py:171} INFO - Processing /opt/airflow/dags/data_ingestion_gcs_dag.py took 1.072 seconds
[2022-08-02 04:18:58,165] {processor.py:163} INFO - Started process (PID=658) to work on /opt/airflow/dags/data_ingestion_gcs_dag.py
[2022-08-02 04:18:58,167] {processor.py:642} INFO - Processing file /opt/airflow/dags/data_ingestion_gcs_dag.py for tasks to queue
[2022-08-02 04:18:58,169] {logging_mixin.py:109} INFO - [2022-08-02 04:18:58,169] {dagbag.py:500} INFO - Filling up the DagBag from /opt/airflow/dags/data_ingestion_gcs_dag.py
[2022-08-02 04:18:59,443] {processor.py:654} INFO - DAG(s) dict_keys(['data_ingestion_gcs_dag']) retrieved from /opt/airflow/dags/data_ingestion_gcs_dag.py
[2022-08-02 04:18:59,465] {logging_mixin.py:109} INFO - [2022-08-02 04:18:59,464] {dag.py:2396} INFO - Sync 1 DAGs
[2022-08-02 04:18:59,496] {logging_mixin.py:109} INFO - [2022-08-02 04:18:59,496] {dag.py:2935} INFO - Setting next_dagrun for data_ingestion_gcs_dag to 2022-08-02T00:00:00+00:00
[2022-08-02 04:18:59,522] {processor.py:171} INFO - Processing /opt/airflow/dags/data_ingestion_gcs_dag.py took 1.363 seconds
[2022-08-02 04:19:29,770] {processor.py:163} INFO - Started process (PID=683) to work on /opt/airflow/dags/data_ingestion_gcs_dag.py
[2022-08-02 04:19:29,773] {processor.py:642} INFO - Processing file /opt/airflow/dags/data_ingestion_gcs_dag.py for tasks to queue
[2022-08-02 04:19:29,774] {logging_mixin.py:109} INFO - [2022-08-02 04:19:29,774] {dagbag.py:500} INFO - Filling up the DagBag from /opt/airflow/dags/data_ingestion_gcs_dag.py
[2022-08-02 04:19:30,946] {processor.py:654} INFO - DAG(s) dict_keys(['data_ingestion_gcs_dag']) retrieved from /opt/airflow/dags/data_ingestion_gcs_dag.py
[2022-08-02 04:19:30,969] {logging_mixin.py:109} INFO - [2022-08-02 04:19:30,969] {dag.py:2396} INFO - Sync 1 DAGs
[2022-08-02 04:19:31,033] {processor.py:171} INFO - Processing /opt/airflow/dags/data_ingestion_gcs_dag.py took 1.266 seconds
[2022-08-02 04:20:01,209] {processor.py:163} INFO - Started process (PID=717) to work on /opt/airflow/dags/data_ingestion_gcs_dag.py
[2022-08-02 04:20:01,211] {processor.py:642} INFO - Processing file /opt/airflow/dags/data_ingestion_gcs_dag.py for tasks to queue
[2022-08-02 04:20:01,212] {logging_mixin.py:109} INFO - [2022-08-02 04:20:01,212] {dagbag.py:500} INFO - Filling up the DagBag from /opt/airflow/dags/data_ingestion_gcs_dag.py
[2022-08-02 04:20:02,059] {processor.py:654} INFO - DAG(s) dict_keys(['data_ingestion_gcs_dag']) retrieved from /opt/airflow/dags/data_ingestion_gcs_dag.py
[2022-08-02 04:20:02,077] {logging_mixin.py:109} INFO - [2022-08-02 04:20:02,077] {dag.py:2396} INFO - Sync 1 DAGs
[2022-08-02 04:20:02,117] {processor.py:171} INFO - Processing /opt/airflow/dags/data_ingestion_gcs_dag.py took 0.915 seconds
[2022-08-02 04:20:32,179] {processor.py:163} INFO - Started process (PID=743) to work on /opt/airflow/dags/data_ingestion_gcs_dag.py
[2022-08-02 04:20:32,181] {processor.py:642} INFO - Processing file /opt/airflow/dags/data_ingestion_gcs_dag.py for tasks to queue
[2022-08-02 04:20:32,183] {logging_mixin.py:109} INFO - [2022-08-02 04:20:32,183] {dagbag.py:500} INFO - Filling up the DagBag from /opt/airflow/dags/data_ingestion_gcs_dag.py
[2022-08-02 04:20:33,736] {processor.py:654} INFO - DAG(s) dict_keys(['data_ingestion_gcs_dag']) retrieved from /opt/airflow/dags/data_ingestion_gcs_dag.py
[2022-08-02 04:20:33,751] {logging_mixin.py:109} INFO - [2022-08-02 04:20:33,750] {dag.py:2396} INFO - Sync 1 DAGs
[2022-08-02 04:20:33,795] {processor.py:171} INFO - Processing /opt/airflow/dags/data_ingestion_gcs_dag.py took 1.623 seconds
[2022-08-02 04:21:03,963] {processor.py:163} INFO - Started process (PID=777) to work on /opt/airflow/dags/data_ingestion_gcs_dag.py
[2022-08-02 04:21:03,964] {processor.py:642} INFO - Processing file /opt/airflow/dags/data_ingestion_gcs_dag.py for tasks to queue
[2022-08-02 04:21:03,965] {logging_mixin.py:109} INFO - [2022-08-02 04:21:03,965] {dagbag.py:500} INFO - Filling up the DagBag from /opt/airflow/dags/data_ingestion_gcs_dag.py
[2022-08-02 04:21:04,859] {processor.py:654} INFO - DAG(s) dict_keys(['data_ingestion_gcs_dag']) retrieved from /opt/airflow/dags/data_ingestion_gcs_dag.py
[2022-08-02 04:21:04,871] {logging_mixin.py:109} INFO - [2022-08-02 04:21:04,871] {dag.py:2396} INFO - Sync 1 DAGs
[2022-08-02 04:21:04,905] {processor.py:171} INFO - Processing /opt/airflow/dags/data_ingestion_gcs_dag.py took 0.880 seconds
[2022-08-02 04:21:35,082] {processor.py:163} INFO - Started process (PID=802) to work on /opt/airflow/dags/data_ingestion_gcs_dag.py
[2022-08-02 04:21:35,085] {processor.py:642} INFO - Processing file /opt/airflow/dags/data_ingestion_gcs_dag.py for tasks to queue
[2022-08-02 04:21:35,087] {logging_mixin.py:109} INFO - [2022-08-02 04:21:35,087] {dagbag.py:500} INFO - Filling up the DagBag from /opt/airflow/dags/data_ingestion_gcs_dag.py
[2022-08-02 04:21:36,340] {processor.py:654} INFO - DAG(s) dict_keys(['data_ingestion_gcs_dag']) retrieved from /opt/airflow/dags/data_ingestion_gcs_dag.py
[2022-08-02 04:21:36,358] {logging_mixin.py:109} INFO - [2022-08-02 04:21:36,357] {dag.py:2396} INFO - Sync 1 DAGs
[2022-08-02 04:21:36,399] {processor.py:171} INFO - Processing /opt/airflow/dags/data_ingestion_gcs_dag.py took 1.323 seconds
[2022-08-02 04:22:06,596] {processor.py:163} INFO - Started process (PID=837) to work on /opt/airflow/dags/data_ingestion_gcs_dag.py
[2022-08-02 04:22:06,604] {processor.py:642} INFO - Processing file /opt/airflow/dags/data_ingestion_gcs_dag.py for tasks to queue
[2022-08-02 04:22:06,607] {logging_mixin.py:109} INFO - [2022-08-02 04:22:06,607] {dagbag.py:500} INFO - Filling up the DagBag from /opt/airflow/dags/data_ingestion_gcs_dag.py
[2022-08-02 04:22:07,412] {processor.py:654} INFO - DAG(s) dict_keys(['data_ingestion_gcs_dag']) retrieved from /opt/airflow/dags/data_ingestion_gcs_dag.py
[2022-08-02 04:22:07,427] {logging_mixin.py:109} INFO - [2022-08-02 04:22:07,426] {dag.py:2396} INFO - Sync 1 DAGs
[2022-08-02 04:22:07,462] {processor.py:171} INFO - Processing /opt/airflow/dags/data_ingestion_gcs_dag.py took 0.871 seconds
[2022-08-02 04:22:13,329] {processor.py:163} INFO - Started process (PID=844) to work on /opt/airflow/dags/data_ingestion_gcs_dag.py
[2022-08-02 04:22:13,331] {processor.py:642} INFO - Processing file /opt/airflow/dags/data_ingestion_gcs_dag.py for tasks to queue
[2022-08-02 04:22:13,333] {logging_mixin.py:109} INFO - [2022-08-02 04:22:13,333] {dagbag.py:500} INFO - Filling up the DagBag from /opt/airflow/dags/data_ingestion_gcs_dag.py
[2022-08-02 04:22:14,300] {processor.py:654} INFO - DAG(s) dict_keys(['data_ingestion_gcs_dag']) retrieved from /opt/airflow/dags/data_ingestion_gcs_dag.py
[2022-08-02 04:22:14,327] {logging_mixin.py:109} INFO - [2022-08-02 04:22:14,326] {dag.py:2396} INFO - Sync 1 DAGs
[2022-08-02 04:22:14,399] {processor.py:171} INFO - Processing /opt/airflow/dags/data_ingestion_gcs_dag.py took 1.074 seconds
[2022-08-02 04:22:33,446] {processor.py:163} INFO - Started process (PID=870) to work on /opt/airflow/dags/data_ingestion_gcs_dag.py
[2022-08-02 04:22:33,449] {processor.py:642} INFO - Processing file /opt/airflow/dags/data_ingestion_gcs_dag.py for tasks to queue
[2022-08-02 04:22:33,453] {logging_mixin.py:109} INFO - [2022-08-02 04:22:33,452] {dagbag.py:500} INFO - Filling up the DagBag from /opt/airflow/dags/data_ingestion_gcs_dag.py
[2022-08-02 04:22:34,217] {processor.py:654} INFO - DAG(s) dict_keys(['data_ingestion_gcs_dag']) retrieved from /opt/airflow/dags/data_ingestion_gcs_dag.py
[2022-08-02 04:22:34,231] {logging_mixin.py:109} INFO - [2022-08-02 04:22:34,230] {dag.py:2396} INFO - Sync 1 DAGs
[2022-08-02 04:22:34,264] {processor.py:171} INFO - Processing /opt/airflow/dags/data_ingestion_gcs_dag.py took 0.822 seconds
[2022-08-02 04:23:43,850] {processor.py:163} INFO - Started process (PID=34) to work on /opt/airflow/dags/data_ingestion_gcs_dag.py
[2022-08-02 04:23:43,852] {processor.py:642} INFO - Processing file /opt/airflow/dags/data_ingestion_gcs_dag.py for tasks to queue
[2022-08-02 04:23:43,853] {logging_mixin.py:109} INFO - [2022-08-02 04:23:43,853] {dagbag.py:500} INFO - Filling up the DagBag from /opt/airflow/dags/data_ingestion_gcs_dag.py
[2022-08-02 04:23:46,552] {processor.py:654} INFO - DAG(s) dict_keys(['data_ingestion_gcs_dag']) retrieved from /opt/airflow/dags/data_ingestion_gcs_dag.py
[2022-08-02 04:23:46,564] {logging_mixin.py:109} INFO - [2022-08-02 04:23:46,564] {dag.py:2396} INFO - Sync 1 DAGs
[2022-08-02 04:23:46,618] {processor.py:171} INFO - Processing /opt/airflow/dags/data_ingestion_gcs_dag.py took 2.772 seconds
[2022-08-02 04:24:16,809] {processor.py:163} INFO - Started process (PID=63) to work on /opt/airflow/dags/data_ingestion_gcs_dag.py
[2022-08-02 04:24:16,811] {processor.py:642} INFO - Processing file /opt/airflow/dags/data_ingestion_gcs_dag.py for tasks to queue
[2022-08-02 04:24:16,812] {logging_mixin.py:109} INFO - [2022-08-02 04:24:16,811] {dagbag.py:500} INFO - Filling up the DagBag from /opt/airflow/dags/data_ingestion_gcs_dag.py
[2022-08-02 04:24:17,596] {processor.py:654} INFO - DAG(s) dict_keys(['data_ingestion_gcs_dag']) retrieved from /opt/airflow/dags/data_ingestion_gcs_dag.py
[2022-08-02 04:24:17,614] {logging_mixin.py:109} INFO - [2022-08-02 04:24:17,614] {dag.py:2396} INFO - Sync 1 DAGs
[2022-08-02 04:24:17,671] {processor.py:171} INFO - Processing /opt/airflow/dags/data_ingestion_gcs_dag.py took 0.866 seconds
[2022-08-02 04:24:47,882] {processor.py:163} INFO - Started process (PID=88) to work on /opt/airflow/dags/data_ingestion_gcs_dag.py
[2022-08-02 04:24:47,884] {processor.py:642} INFO - Processing file /opt/airflow/dags/data_ingestion_gcs_dag.py for tasks to queue
[2022-08-02 04:24:47,886] {logging_mixin.py:109} INFO - [2022-08-02 04:24:47,886] {dagbag.py:500} INFO - Filling up the DagBag from /opt/airflow/dags/data_ingestion_gcs_dag.py
[2022-08-02 04:24:49,195] {processor.py:654} INFO - DAG(s) dict_keys(['data_ingestion_gcs_dag']) retrieved from /opt/airflow/dags/data_ingestion_gcs_dag.py
[2022-08-02 04:24:49,211] {logging_mixin.py:109} INFO - [2022-08-02 04:24:49,211] {dag.py:2396} INFO - Sync 1 DAGs
[2022-08-02 04:24:49,255] {processor.py:171} INFO - Processing /opt/airflow/dags/data_ingestion_gcs_dag.py took 1.376 seconds
[2022-08-02 04:25:19,422] {processor.py:163} INFO - Started process (PID=123) to work on /opt/airflow/dags/data_ingestion_gcs_dag.py
[2022-08-02 04:25:19,424] {processor.py:642} INFO - Processing file /opt/airflow/dags/data_ingestion_gcs_dag.py for tasks to queue
[2022-08-02 04:25:19,425] {logging_mixin.py:109} INFO - [2022-08-02 04:25:19,425] {dagbag.py:500} INFO - Filling up the DagBag from /opt/airflow/dags/data_ingestion_gcs_dag.py
[2022-08-02 04:25:20,369] {processor.py:654} INFO - DAG(s) dict_keys(['data_ingestion_gcs_dag']) retrieved from /opt/airflow/dags/data_ingestion_gcs_dag.py
[2022-08-02 04:25:20,384] {logging_mixin.py:109} INFO - [2022-08-02 04:25:20,384] {dag.py:2396} INFO - Sync 1 DAGs
[2022-08-02 04:25:20,430] {processor.py:171} INFO - Processing /opt/airflow/dags/data_ingestion_gcs_dag.py took 1.011 seconds
[2022-08-02 04:25:50,671] {processor.py:163} INFO - Started process (PID=157) to work on /opt/airflow/dags/data_ingestion_gcs_dag.py
[2022-08-02 04:25:50,673] {processor.py:642} INFO - Processing file /opt/airflow/dags/data_ingestion_gcs_dag.py for tasks to queue
[2022-08-02 04:25:50,674] {logging_mixin.py:109} INFO - [2022-08-02 04:25:50,674] {dagbag.py:500} INFO - Filling up the DagBag from /opt/airflow/dags/data_ingestion_gcs_dag.py
[2022-08-02 04:25:51,706] {processor.py:654} INFO - DAG(s) dict_keys(['data_ingestion_gcs_dag']) retrieved from /opt/airflow/dags/data_ingestion_gcs_dag.py
[2022-08-02 04:25:51,719] {logging_mixin.py:109} INFO - [2022-08-02 04:25:51,719] {dag.py:2396} INFO - Sync 1 DAGs
[2022-08-02 04:25:51,762] {processor.py:171} INFO - Processing /opt/airflow/dags/data_ingestion_gcs_dag.py took 1.095 seconds
[2022-08-02 04:26:21,855] {processor.py:163} INFO - Started process (PID=182) to work on /opt/airflow/dags/data_ingestion_gcs_dag.py
[2022-08-02 04:26:21,857] {processor.py:642} INFO - Processing file /opt/airflow/dags/data_ingestion_gcs_dag.py for tasks to queue
[2022-08-02 04:26:21,858] {logging_mixin.py:109} INFO - [2022-08-02 04:26:21,858] {dagbag.py:500} INFO - Filling up the DagBag from /opt/airflow/dags/data_ingestion_gcs_dag.py
[2022-08-02 04:26:22,839] {processor.py:654} INFO - DAG(s) dict_keys(['data_ingestion_gcs_dag']) retrieved from /opt/airflow/dags/data_ingestion_gcs_dag.py
[2022-08-02 04:26:22,857] {logging_mixin.py:109} INFO - [2022-08-02 04:26:22,857] {dag.py:2396} INFO - Sync 1 DAGs
[2022-08-02 04:26:22,905] {processor.py:171} INFO - Processing /opt/airflow/dags/data_ingestion_gcs_dag.py took 1.057 seconds
[2022-08-02 04:26:53,145] {processor.py:163} INFO - Started process (PID=216) to work on /opt/airflow/dags/data_ingestion_gcs_dag.py
[2022-08-02 04:26:53,147] {processor.py:642} INFO - Processing file /opt/airflow/dags/data_ingestion_gcs_dag.py for tasks to queue
[2022-08-02 04:26:53,150] {logging_mixin.py:109} INFO - [2022-08-02 04:26:53,149] {dagbag.py:500} INFO - Filling up the DagBag from /opt/airflow/dags/data_ingestion_gcs_dag.py
[2022-08-02 04:26:54,127] {processor.py:654} INFO - DAG(s) dict_keys(['data_ingestion_gcs_dag']) retrieved from /opt/airflow/dags/data_ingestion_gcs_dag.py
[2022-08-02 04:26:54,144] {logging_mixin.py:109} INFO - [2022-08-02 04:26:54,144] {dag.py:2396} INFO - Sync 1 DAGs
[2022-08-02 04:26:54,179] {processor.py:171} INFO - Processing /opt/airflow/dags/data_ingestion_gcs_dag.py took 1.038 seconds
[2022-08-02 04:27:24,322] {processor.py:163} INFO - Started process (PID=241) to work on /opt/airflow/dags/data_ingestion_gcs_dag.py
[2022-08-02 04:27:24,325] {processor.py:642} INFO - Processing file /opt/airflow/dags/data_ingestion_gcs_dag.py for tasks to queue
[2022-08-02 04:27:24,327] {logging_mixin.py:109} INFO - [2022-08-02 04:27:24,326] {dagbag.py:500} INFO - Filling up the DagBag from /opt/airflow/dags/data_ingestion_gcs_dag.py
[2022-08-02 04:27:25,527] {processor.py:654} INFO - DAG(s) dict_keys(['data_ingestion_gcs_dag']) retrieved from /opt/airflow/dags/data_ingestion_gcs_dag.py
[2022-08-02 04:27:25,546] {logging_mixin.py:109} INFO - [2022-08-02 04:27:25,545] {dag.py:2396} INFO - Sync 1 DAGs
[2022-08-02 04:27:25,591] {processor.py:171} INFO - Processing /opt/airflow/dags/data_ingestion_gcs_dag.py took 1.273 seconds
[2022-08-02 04:27:55,821] {processor.py:163} INFO - Started process (PID=275) to work on /opt/airflow/dags/data_ingestion_gcs_dag.py
[2022-08-02 04:27:55,823] {processor.py:642} INFO - Processing file /opt/airflow/dags/data_ingestion_gcs_dag.py for tasks to queue
[2022-08-02 04:27:55,825] {logging_mixin.py:109} INFO - [2022-08-02 04:27:55,824] {dagbag.py:500} INFO - Filling up the DagBag from /opt/airflow/dags/data_ingestion_gcs_dag.py
[2022-08-02 04:27:56,802] {processor.py:654} INFO - DAG(s) dict_keys(['data_ingestion_gcs_dag']) retrieved from /opt/airflow/dags/data_ingestion_gcs_dag.py
[2022-08-02 04:27:56,818] {logging_mixin.py:109} INFO - [2022-08-02 04:27:56,817] {dag.py:2396} INFO - Sync 1 DAGs
[2022-08-02 04:27:56,858] {processor.py:171} INFO - Processing /opt/airflow/dags/data_ingestion_gcs_dag.py took 1.042 seconds
[2022-08-02 04:28:27,019] {processor.py:163} INFO - Started process (PID=300) to work on /opt/airflow/dags/data_ingestion_gcs_dag.py
[2022-08-02 04:28:27,023] {processor.py:642} INFO - Processing file /opt/airflow/dags/data_ingestion_gcs_dag.py for tasks to queue
[2022-08-02 04:28:27,025] {logging_mixin.py:109} INFO - [2022-08-02 04:28:27,025] {dagbag.py:500} INFO - Filling up the DagBag from /opt/airflow/dags/data_ingestion_gcs_dag.py
[2022-08-02 04:28:28,304] {processor.py:654} INFO - DAG(s) dict_keys(['data_ingestion_gcs_dag']) retrieved from /opt/airflow/dags/data_ingestion_gcs_dag.py
[2022-08-02 04:28:28,326] {logging_mixin.py:109} INFO - [2022-08-02 04:28:28,326] {dag.py:2396} INFO - Sync 1 DAGs
[2022-08-02 04:28:28,365] {processor.py:171} INFO - Processing /opt/airflow/dags/data_ingestion_gcs_dag.py took 1.351 seconds
[2022-08-02 04:28:58,567] {processor.py:163} INFO - Started process (PID=334) to work on /opt/airflow/dags/data_ingestion_gcs_dag.py
[2022-08-02 04:28:58,569] {processor.py:642} INFO - Processing file /opt/airflow/dags/data_ingestion_gcs_dag.py for tasks to queue
[2022-08-02 04:28:58,571] {logging_mixin.py:109} INFO - [2022-08-02 04:28:58,571] {dagbag.py:500} INFO - Filling up the DagBag from /opt/airflow/dags/data_ingestion_gcs_dag.py
[2022-08-02 04:28:59,450] {processor.py:654} INFO - DAG(s) dict_keys(['data_ingestion_gcs_dag']) retrieved from /opt/airflow/dags/data_ingestion_gcs_dag.py
[2022-08-02 04:28:59,465] {logging_mixin.py:109} INFO - [2022-08-02 04:28:59,464] {dag.py:2396} INFO - Sync 1 DAGs
[2022-08-02 04:28:59,510] {processor.py:171} INFO - Processing /opt/airflow/dags/data_ingestion_gcs_dag.py took 0.946 seconds
[2022-08-02 04:29:29,678] {processor.py:163} INFO - Started process (PID=359) to work on /opt/airflow/dags/data_ingestion_gcs_dag.py
[2022-08-02 04:29:29,682] {processor.py:642} INFO - Processing file /opt/airflow/dags/data_ingestion_gcs_dag.py for tasks to queue
[2022-08-02 04:29:29,685] {logging_mixin.py:109} INFO - [2022-08-02 04:29:29,684] {dagbag.py:500} INFO - Filling up the DagBag from /opt/airflow/dags/data_ingestion_gcs_dag.py
[2022-08-02 04:29:30,855] {processor.py:654} INFO - DAG(s) dict_keys(['data_ingestion_gcs_dag']) retrieved from /opt/airflow/dags/data_ingestion_gcs_dag.py
[2022-08-02 04:29:30,887] {logging_mixin.py:109} INFO - [2022-08-02 04:29:30,886] {dag.py:2396} INFO - Sync 1 DAGs
[2022-08-02 04:29:30,967] {processor.py:171} INFO - Processing /opt/airflow/dags/data_ingestion_gcs_dag.py took 1.296 seconds
[2022-08-02 04:30:01,205] {processor.py:163} INFO - Started process (PID=395) to work on /opt/airflow/dags/data_ingestion_gcs_dag.py
[2022-08-02 04:30:01,207] {processor.py:642} INFO - Processing file /opt/airflow/dags/data_ingestion_gcs_dag.py for tasks to queue
[2022-08-02 04:30:01,207] {logging_mixin.py:109} INFO - [2022-08-02 04:30:01,207] {dagbag.py:500} INFO - Filling up the DagBag from /opt/airflow/dags/data_ingestion_gcs_dag.py
[2022-08-02 04:30:02,124] {processor.py:654} INFO - DAG(s) dict_keys(['data_ingestion_gcs_dag']) retrieved from /opt/airflow/dags/data_ingestion_gcs_dag.py
[2022-08-02 04:30:02,139] {logging_mixin.py:109} INFO - [2022-08-02 04:30:02,139] {dag.py:2396} INFO - Sync 1 DAGs
[2022-08-02 04:30:02,161] {logging_mixin.py:109} INFO - [2022-08-02 04:30:02,160] {dag.py:2935} INFO - Setting next_dagrun for data_ingestion_gcs_dag to 2022-08-02T00:00:00+00:00
[2022-08-02 04:30:02,178] {processor.py:171} INFO - Processing /opt/airflow/dags/data_ingestion_gcs_dag.py took 0.979 seconds
[2022-08-02 04:30:32,394] {processor.py:163} INFO - Started process (PID=420) to work on /opt/airflow/dags/data_ingestion_gcs_dag.py
[2022-08-02 04:30:32,396] {processor.py:642} INFO - Processing file /opt/airflow/dags/data_ingestion_gcs_dag.py for tasks to queue
[2022-08-02 04:30:32,398] {logging_mixin.py:109} INFO - [2022-08-02 04:30:32,398] {dagbag.py:500} INFO - Filling up the DagBag from /opt/airflow/dags/data_ingestion_gcs_dag.py
[2022-08-02 04:30:33,398] {processor.py:654} INFO - DAG(s) dict_keys(['data_ingestion_gcs_dag']) retrieved from /opt/airflow/dags/data_ingestion_gcs_dag.py
[2022-08-02 04:30:33,423] {logging_mixin.py:109} INFO - [2022-08-02 04:30:33,422] {dag.py:2396} INFO - Sync 1 DAGs
[2022-08-02 04:30:33,450] {logging_mixin.py:109} INFO - [2022-08-02 04:30:33,450] {dag.py:2935} INFO - Setting next_dagrun for data_ingestion_gcs_dag to 2022-08-02T00:00:00+00:00
[2022-08-02 04:30:33,477] {processor.py:171} INFO - Processing /opt/airflow/dags/data_ingestion_gcs_dag.py took 1.087 seconds
[2022-08-02 04:31:03,592] {processor.py:163} INFO - Started process (PID=454) to work on /opt/airflow/dags/data_ingestion_gcs_dag.py
[2022-08-02 04:31:03,594] {processor.py:642} INFO - Processing file /opt/airflow/dags/data_ingestion_gcs_dag.py for tasks to queue
[2022-08-02 04:31:03,595] {logging_mixin.py:109} INFO - [2022-08-02 04:31:03,595] {dagbag.py:500} INFO - Filling up the DagBag from /opt/airflow/dags/data_ingestion_gcs_dag.py
[2022-08-02 04:31:04,598] {processor.py:654} INFO - DAG(s) dict_keys(['data_ingestion_gcs_dag']) retrieved from /opt/airflow/dags/data_ingestion_gcs_dag.py
[2022-08-02 04:31:04,615] {logging_mixin.py:109} INFO - [2022-08-02 04:31:04,615] {dag.py:2396} INFO - Sync 1 DAGs
[2022-08-02 04:31:04,642] {logging_mixin.py:109} INFO - [2022-08-02 04:31:04,641] {dag.py:2935} INFO - Setting next_dagrun for data_ingestion_gcs_dag to 2022-08-02T00:00:00+00:00
[2022-08-02 04:31:04,662] {processor.py:171} INFO - Processing /opt/airflow/dags/data_ingestion_gcs_dag.py took 1.073 seconds
[2022-08-02 04:31:34,861] {processor.py:163} INFO - Started process (PID=478) to work on /opt/airflow/dags/data_ingestion_gcs_dag.py
[2022-08-02 04:31:34,863] {processor.py:642} INFO - Processing file /opt/airflow/dags/data_ingestion_gcs_dag.py for tasks to queue
[2022-08-02 04:31:34,864] {logging_mixin.py:109} INFO - [2022-08-02 04:31:34,864] {dagbag.py:500} INFO - Filling up the DagBag from /opt/airflow/dags/data_ingestion_gcs_dag.py
[2022-08-02 04:31:35,759] {processor.py:654} INFO - DAG(s) dict_keys(['data_ingestion_gcs_dag']) retrieved from /opt/airflow/dags/data_ingestion_gcs_dag.py
[2022-08-02 04:31:35,783] {logging_mixin.py:109} INFO - [2022-08-02 04:31:35,782] {dag.py:2396} INFO - Sync 1 DAGs
[2022-08-02 04:31:35,822] {logging_mixin.py:109} INFO - [2022-08-02 04:31:35,821] {dag.py:2935} INFO - Setting next_dagrun for data_ingestion_gcs_dag to 2022-08-02T00:00:00+00:00
[2022-08-02 04:31:35,854] {processor.py:171} INFO - Processing /opt/airflow/dags/data_ingestion_gcs_dag.py took 0.954 seconds
[2022-08-02 04:32:06,115] {processor.py:163} INFO - Started process (PID=512) to work on /opt/airflow/dags/data_ingestion_gcs_dag.py
[2022-08-02 04:32:06,119] {processor.py:642} INFO - Processing file /opt/airflow/dags/data_ingestion_gcs_dag.py for tasks to queue
[2022-08-02 04:32:06,120] {logging_mixin.py:109} INFO - [2022-08-02 04:32:06,120] {dagbag.py:500} INFO - Filling up the DagBag from /opt/airflow/dags/data_ingestion_gcs_dag.py
[2022-08-02 04:32:07,295] {processor.py:654} INFO - DAG(s) dict_keys(['data_ingestion_gcs_dag']) retrieved from /opt/airflow/dags/data_ingestion_gcs_dag.py
[2022-08-02 04:32:07,308] {logging_mixin.py:109} INFO - [2022-08-02 04:32:07,308] {dag.py:2396} INFO - Sync 1 DAGs
[2022-08-02 04:32:07,330] {logging_mixin.py:109} INFO - [2022-08-02 04:32:07,330] {dag.py:2935} INFO - Setting next_dagrun for data_ingestion_gcs_dag to 2022-08-02T00:00:00+00:00
[2022-08-02 04:32:07,346] {processor.py:171} INFO - Processing /opt/airflow/dags/data_ingestion_gcs_dag.py took 1.237 seconds
[2022-08-02 04:32:37,500] {processor.py:163} INFO - Started process (PID=537) to work on /opt/airflow/dags/data_ingestion_gcs_dag.py
[2022-08-02 04:32:37,502] {processor.py:642} INFO - Processing file /opt/airflow/dags/data_ingestion_gcs_dag.py for tasks to queue
[2022-08-02 04:32:37,504] {logging_mixin.py:109} INFO - [2022-08-02 04:32:37,504] {dagbag.py:500} INFO - Filling up the DagBag from /opt/airflow/dags/data_ingestion_gcs_dag.py
[2022-08-02 04:32:38,413] {processor.py:654} INFO - DAG(s) dict_keys(['data_ingestion_gcs_dag']) retrieved from /opt/airflow/dags/data_ingestion_gcs_dag.py
[2022-08-02 04:32:38,430] {logging_mixin.py:109} INFO - [2022-08-02 04:32:38,429] {dag.py:2396} INFO - Sync 1 DAGs
[2022-08-02 04:32:38,457] {logging_mixin.py:109} INFO - [2022-08-02 04:32:38,457] {dag.py:2935} INFO - Setting next_dagrun for data_ingestion_gcs_dag to 2022-08-02T00:00:00+00:00
[2022-08-02 04:32:38,488] {processor.py:171} INFO - Processing /opt/airflow/dags/data_ingestion_gcs_dag.py took 0.994 seconds
[2022-08-02 04:33:08,724] {processor.py:163} INFO - Started process (PID=570) to work on /opt/airflow/dags/data_ingestion_gcs_dag.py
[2022-08-02 04:33:08,726] {processor.py:642} INFO - Processing file /opt/airflow/dags/data_ingestion_gcs_dag.py for tasks to queue
[2022-08-02 04:33:08,728] {logging_mixin.py:109} INFO - [2022-08-02 04:33:08,728] {dagbag.py:500} INFO - Filling up the DagBag from /opt/airflow/dags/data_ingestion_gcs_dag.py
[2022-08-02 04:33:09,800] {processor.py:654} INFO - DAG(s) dict_keys(['data_ingestion_gcs_dag']) retrieved from /opt/airflow/dags/data_ingestion_gcs_dag.py
[2022-08-02 04:33:09,826] {logging_mixin.py:109} INFO - [2022-08-02 04:33:09,826] {dag.py:2396} INFO - Sync 1 DAGs
[2022-08-02 04:33:09,868] {logging_mixin.py:109} INFO - [2022-08-02 04:33:09,867] {dag.py:2935} INFO - Setting next_dagrun for data_ingestion_gcs_dag to 2022-08-02T00:00:00+00:00
[2022-08-02 04:33:09,887] {processor.py:171} INFO - Processing /opt/airflow/dags/data_ingestion_gcs_dag.py took 1.180 seconds
[2022-08-02 04:33:40,038] {processor.py:163} INFO - Started process (PID=595) to work on /opt/airflow/dags/data_ingestion_gcs_dag.py
[2022-08-02 04:33:40,040] {processor.py:642} INFO - Processing file /opt/airflow/dags/data_ingestion_gcs_dag.py for tasks to queue
[2022-08-02 04:33:40,042] {logging_mixin.py:109} INFO - [2022-08-02 04:33:40,041] {dagbag.py:500} INFO - Filling up the DagBag from /opt/airflow/dags/data_ingestion_gcs_dag.py
[2022-08-02 04:33:40,890] {processor.py:654} INFO - DAG(s) dict_keys(['data_ingestion_gcs_dag']) retrieved from /opt/airflow/dags/data_ingestion_gcs_dag.py
[2022-08-02 04:33:40,907] {logging_mixin.py:109} INFO - [2022-08-02 04:33:40,907] {dag.py:2396} INFO - Sync 1 DAGs
[2022-08-02 04:33:40,934] {logging_mixin.py:109} INFO - [2022-08-02 04:33:40,933] {dag.py:2935} INFO - Setting next_dagrun for data_ingestion_gcs_dag to 2022-08-02T00:00:00+00:00
[2022-08-02 04:33:40,964] {processor.py:171} INFO - Processing /opt/airflow/dags/data_ingestion_gcs_dag.py took 0.930 seconds
[2022-08-02 04:34:11,137] {processor.py:163} INFO - Started process (PID=629) to work on /opt/airflow/dags/data_ingestion_gcs_dag.py
[2022-08-02 04:34:11,139] {processor.py:642} INFO - Processing file /opt/airflow/dags/data_ingestion_gcs_dag.py for tasks to queue
[2022-08-02 04:34:11,139] {logging_mixin.py:109} INFO - [2022-08-02 04:34:11,139] {dagbag.py:500} INFO - Filling up the DagBag from /opt/airflow/dags/data_ingestion_gcs_dag.py
[2022-08-02 04:34:11,969] {processor.py:654} INFO - DAG(s) dict_keys(['data_ingestion_gcs_dag']) retrieved from /opt/airflow/dags/data_ingestion_gcs_dag.py
[2022-08-02 04:34:11,983] {logging_mixin.py:109} INFO - [2022-08-02 04:34:11,983] {dag.py:2396} INFO - Sync 1 DAGs
[2022-08-02 04:34:12,004] {logging_mixin.py:109} INFO - [2022-08-02 04:34:12,004] {dag.py:2935} INFO - Setting next_dagrun for data_ingestion_gcs_dag to 2022-08-02T00:00:00+00:00
[2022-08-02 04:34:12,024] {processor.py:171} INFO - Processing /opt/airflow/dags/data_ingestion_gcs_dag.py took 0.890 seconds
[2022-08-02 04:34:42,220] {processor.py:163} INFO - Started process (PID=654) to work on /opt/airflow/dags/data_ingestion_gcs_dag.py
[2022-08-02 04:34:42,221] {processor.py:642} INFO - Processing file /opt/airflow/dags/data_ingestion_gcs_dag.py for tasks to queue
[2022-08-02 04:34:42,223] {logging_mixin.py:109} INFO - [2022-08-02 04:34:42,222] {dagbag.py:500} INFO - Filling up the DagBag from /opt/airflow/dags/data_ingestion_gcs_dag.py
[2022-08-02 04:34:43,142] {processor.py:654} INFO - DAG(s) dict_keys(['data_ingestion_gcs_dag']) retrieved from /opt/airflow/dags/data_ingestion_gcs_dag.py
[2022-08-02 04:34:43,162] {logging_mixin.py:109} INFO - [2022-08-02 04:34:43,162] {dag.py:2396} INFO - Sync 1 DAGs
[2022-08-02 04:34:43,187] {logging_mixin.py:109} INFO - [2022-08-02 04:34:43,186] {dag.py:2935} INFO - Setting next_dagrun for data_ingestion_gcs_dag to 2022-08-02T00:00:00+00:00
[2022-08-02 04:34:43,218] {processor.py:171} INFO - Processing /opt/airflow/dags/data_ingestion_gcs_dag.py took 1.004 seconds
[2022-08-02 04:35:13,440] {processor.py:163} INFO - Started process (PID=688) to work on /opt/airflow/dags/data_ingestion_gcs_dag.py
[2022-08-02 04:35:13,442] {processor.py:642} INFO - Processing file /opt/airflow/dags/data_ingestion_gcs_dag.py for tasks to queue
[2022-08-02 04:35:13,443] {logging_mixin.py:109} INFO - [2022-08-02 04:35:13,443] {dagbag.py:500} INFO - Filling up the DagBag from /opt/airflow/dags/data_ingestion_gcs_dag.py
[2022-08-02 04:35:14,429] {processor.py:654} INFO - DAG(s) dict_keys(['data_ingestion_gcs_dag']) retrieved from /opt/airflow/dags/data_ingestion_gcs_dag.py
[2022-08-02 04:35:14,445] {logging_mixin.py:109} INFO - [2022-08-02 04:35:14,445] {dag.py:2396} INFO - Sync 1 DAGs
[2022-08-02 04:35:14,469] {logging_mixin.py:109} INFO - [2022-08-02 04:35:14,468] {dag.py:2935} INFO - Setting next_dagrun for data_ingestion_gcs_dag to 2022-08-02T00:00:00+00:00
[2022-08-02 04:35:14,489] {processor.py:171} INFO - Processing /opt/airflow/dags/data_ingestion_gcs_dag.py took 1.051 seconds
[2022-08-02 04:35:44,633] {processor.py:163} INFO - Started process (PID=713) to work on /opt/airflow/dags/data_ingestion_gcs_dag.py
[2022-08-02 04:35:44,635] {processor.py:642} INFO - Processing file /opt/airflow/dags/data_ingestion_gcs_dag.py for tasks to queue
[2022-08-02 04:35:44,636] {logging_mixin.py:109} INFO - [2022-08-02 04:35:44,636] {dagbag.py:500} INFO - Filling up the DagBag from /opt/airflow/dags/data_ingestion_gcs_dag.py
[2022-08-02 04:35:45,630] {processor.py:654} INFO - DAG(s) dict_keys(['data_ingestion_gcs_dag']) retrieved from /opt/airflow/dags/data_ingestion_gcs_dag.py
[2022-08-02 04:35:45,651] {logging_mixin.py:109} INFO - [2022-08-02 04:35:45,650] {dag.py:2396} INFO - Sync 1 DAGs
[2022-08-02 04:35:45,676] {logging_mixin.py:109} INFO - [2022-08-02 04:35:45,676] {dag.py:2935} INFO - Setting next_dagrun for data_ingestion_gcs_dag to 2022-08-02T00:00:00+00:00
[2022-08-02 04:35:45,700] {processor.py:171} INFO - Processing /opt/airflow/dags/data_ingestion_gcs_dag.py took 1.070 seconds
[2022-08-02 04:36:15,862] {processor.py:163} INFO - Started process (PID=745) to work on /opt/airflow/dags/data_ingestion_gcs_dag.py
[2022-08-02 04:36:15,865] {processor.py:642} INFO - Processing file /opt/airflow/dags/data_ingestion_gcs_dag.py for tasks to queue
[2022-08-02 04:36:15,867] {logging_mixin.py:109} INFO - [2022-08-02 04:36:15,867] {dagbag.py:500} INFO - Filling up the DagBag from /opt/airflow/dags/data_ingestion_gcs_dag.py
[2022-08-02 04:36:16,876] {processor.py:654} INFO - DAG(s) dict_keys(['data_ingestion_gcs_dag']) retrieved from /opt/airflow/dags/data_ingestion_gcs_dag.py
[2022-08-02 04:36:16,891] {logging_mixin.py:109} INFO - [2022-08-02 04:36:16,891] {dag.py:2396} INFO - Sync 1 DAGs
[2022-08-02 04:36:16,915] {logging_mixin.py:109} INFO - [2022-08-02 04:36:16,914] {dag.py:2935} INFO - Setting next_dagrun for data_ingestion_gcs_dag to 2022-08-02T00:00:00+00:00
[2022-08-02 04:36:16,935] {processor.py:171} INFO - Processing /opt/airflow/dags/data_ingestion_gcs_dag.py took 1.076 seconds
[2022-08-02 04:36:42,138] {processor.py:163} INFO - Started process (PID=772) to work on /opt/airflow/dags/data_ingestion_gcs_dag.py
[2022-08-02 04:36:42,140] {processor.py:642} INFO - Processing file /opt/airflow/dags/data_ingestion_gcs_dag.py for tasks to queue
[2022-08-02 04:36:42,142] {logging_mixin.py:109} INFO - [2022-08-02 04:36:42,141] {dagbag.py:500} INFO - Filling up the DagBag from /opt/airflow/dags/data_ingestion_gcs_dag.py
[2022-08-02 04:36:43,216] {processor.py:654} INFO - DAG(s) dict_keys(['data_ingestion_gcs_dag']) retrieved from /opt/airflow/dags/data_ingestion_gcs_dag.py
[2022-08-02 04:36:43,232] {logging_mixin.py:109} INFO - [2022-08-02 04:36:43,231] {dag.py:2396} INFO - Sync 1 DAGs
[2022-08-02 04:36:43,251] {logging_mixin.py:109} INFO - [2022-08-02 04:36:43,251] {dag.py:2935} INFO - Setting next_dagrun for data_ingestion_gcs_dag to 2022-08-02T00:00:00+00:00
[2022-08-02 04:36:43,271] {processor.py:171} INFO - Processing /opt/airflow/dags/data_ingestion_gcs_dag.py took 1.137 seconds
