[2022-08-03 04:33:37,629] {taskinstance.py:1032} INFO - Dependencies all met for <TaskInstance: data_ingestion_gcs_dag.download_dataset_task manual__2022-08-03T04:32:00.564993+00:00 [queued]>
[2022-08-03 04:33:37,644] {taskinstance.py:1032} INFO - Dependencies all met for <TaskInstance: data_ingestion_gcs_dag.download_dataset_task manual__2022-08-03T04:32:00.564993+00:00 [queued]>
[2022-08-03 04:33:37,644] {taskinstance.py:1238} INFO - 
--------------------------------------------------------------------------------
[2022-08-03 04:33:37,645] {taskinstance.py:1239} INFO - Starting attempt 1 of 2
[2022-08-03 04:33:37,646] {taskinstance.py:1240} INFO - 
--------------------------------------------------------------------------------
[2022-08-03 04:33:37,667] {taskinstance.py:1259} INFO - Executing <Task(BashOperator): download_dataset_task> on 2022-08-03 04:32:00.564993+00:00
[2022-08-03 04:33:37,674] {standard_task_runner.py:52} INFO - Started process 172 to run task
[2022-08-03 04:33:37,680] {standard_task_runner.py:76} INFO - Running: ['***', 'tasks', 'run', 'data_ingestion_gcs_dag', 'download_dataset_task', 'manual__2022-08-03T04:32:00.564993+00:00', '--job-id', '22', '--raw', '--subdir', 'DAGS_FOLDER/data_ingestion_gcs_dag.py', '--cfg-path', '/tmp/tmpwr6xlo_b', '--error-file', '/tmp/tmpdxi29m91']
[2022-08-03 04:33:37,682] {standard_task_runner.py:77} INFO - Job 22: Subtask download_dataset_task
[2022-08-03 04:33:37,768] {logging_mixin.py:109} INFO - Running <TaskInstance: data_ingestion_gcs_dag.download_dataset_task manual__2022-08-03T04:32:00.564993+00:00 [running]> on host 31b55d52ebd2
[2022-08-03 04:33:37,855] {taskinstance.py:1426} INFO - Exporting the following env vars:
AIRFLOW_CTX_DAG_OWNER=***
AIRFLOW_CTX_DAG_ID=data_ingestion_gcs_dag
AIRFLOW_CTX_TASK_ID=download_dataset_task
AIRFLOW_CTX_EXECUTION_DATE=2022-08-03T04:32:00.564993+00:00
AIRFLOW_CTX_DAG_RUN_ID=manual__2022-08-03T04:32:00.564993+00:00
[2022-08-03 04:33:37,857] {subprocess.py:62} INFO - Tmp dir root location: 
 /tmp
[2022-08-03 04:33:37,859] {subprocess.py:74} INFO - Running command: ['bash', '-c', 'curl -sS https://storage.googleapis.com/dtc_data_lake_de-bootcamp-357803/covid-cases.csv > /opt/***/covid-cases.csv']
[2022-08-03 04:33:37,887] {subprocess.py:85} INFO - Output:
[2022-08-03 04:33:39,014] {subprocess.py:93} INFO - Command exited with return code 0
[2022-08-03 04:33:39,059] {taskinstance.py:1277} INFO - Marking task as SUCCESS. dag_id=data_ingestion_gcs_dag, task_id=download_dataset_task, execution_date=20220803T043200, start_date=20220803T043337, end_date=20220803T043339
[2022-08-03 04:33:39,101] {local_task_job.py:154} INFO - Task exited with return code 0
[2022-08-03 04:33:39,166] {local_task_job.py:264} INFO - 1 downstream tasks scheduled from follow-on schedule check
