[2022-08-03 04:28:51,945] {taskinstance.py:1032} INFO - Dependencies all met for <TaskInstance: data_ingestion_gcs_dag.local_to_gcs_task manual__2022-08-03T04:28:42.186828+00:00 [queued]>
[2022-08-03 04:28:51,967] {taskinstance.py:1032} INFO - Dependencies all met for <TaskInstance: data_ingestion_gcs_dag.local_to_gcs_task manual__2022-08-03T04:28:42.186828+00:00 [queued]>
[2022-08-03 04:28:51,969] {taskinstance.py:1238} INFO - 
--------------------------------------------------------------------------------
[2022-08-03 04:28:51,970] {taskinstance.py:1239} INFO - Starting attempt 1 of 2
[2022-08-03 04:28:51,972] {taskinstance.py:1240} INFO - 
--------------------------------------------------------------------------------
[2022-08-03 04:28:51,995] {taskinstance.py:1259} INFO - Executing <Task(PythonOperator): local_to_gcs_task> on 2022-08-03 04:28:42.186828+00:00
[2022-08-03 04:28:52,003] {standard_task_runner.py:52} INFO - Started process 99 to run task
[2022-08-03 04:28:52,008] {standard_task_runner.py:76} INFO - Running: ['***', 'tasks', 'run', 'data_ingestion_gcs_dag', 'local_to_gcs_task', 'manual__2022-08-03T04:28:42.186828+00:00', '--job-id', '18', '--raw', '--subdir', 'DAGS_FOLDER/data_ingestion_gcs_dag.py', '--cfg-path', '/tmp/tmprdpkz65o', '--error-file', '/tmp/tmphrqlon9c']
[2022-08-03 04:28:52,010] {standard_task_runner.py:77} INFO - Job 18: Subtask local_to_gcs_task
[2022-08-03 04:28:52,114] {logging_mixin.py:109} INFO - Running <TaskInstance: data_ingestion_gcs_dag.local_to_gcs_task manual__2022-08-03T04:28:42.186828+00:00 [running]> on host e6b2e4886939
[2022-08-03 04:28:52,213] {taskinstance.py:1426} INFO - Exporting the following env vars:
AIRFLOW_CTX_DAG_OWNER=***
AIRFLOW_CTX_DAG_ID=data_ingestion_gcs_dag
AIRFLOW_CTX_TASK_ID=local_to_gcs_task
AIRFLOW_CTX_EXECUTION_DATE=2022-08-03T04:28:42.186828+00:00
AIRFLOW_CTX_DAG_RUN_ID=manual__2022-08-03T04:28:42.186828+00:00
[2022-08-03 04:28:52,935] {python.py:175} INFO - Done. Returned value was: None
[2022-08-03 04:28:52,988] {taskinstance.py:1277} INFO - Marking task as SUCCESS. dag_id=data_ingestion_gcs_dag, task_id=local_to_gcs_task, execution_date=20220803T042842, start_date=20220803T042851, end_date=20220803T042852
[2022-08-03 04:28:53,088] {local_task_job.py:154} INFO - Task exited with return code 0
[2022-08-03 04:28:53,149] {local_task_job.py:264} INFO - 1 downstream tasks scheduled from follow-on schedule check
