[2022-08-03 04:33:40,240] {taskinstance.py:1032} INFO - Dependencies all met for <TaskInstance: data_ingestion_gcs_dag.format_to_parquet_task manual__2022-08-03T04:32:00.564993+00:00 [queued]>
[2022-08-03 04:33:40,252] {taskinstance.py:1032} INFO - Dependencies all met for <TaskInstance: data_ingestion_gcs_dag.format_to_parquet_task manual__2022-08-03T04:32:00.564993+00:00 [queued]>
[2022-08-03 04:33:40,253] {taskinstance.py:1238} INFO - 
--------------------------------------------------------------------------------
[2022-08-03 04:33:40,253] {taskinstance.py:1239} INFO - Starting attempt 1 of 2
[2022-08-03 04:33:40,254] {taskinstance.py:1240} INFO - 
--------------------------------------------------------------------------------
[2022-08-03 04:33:40,266] {taskinstance.py:1259} INFO - Executing <Task(PythonOperator): format_to_parquet_task> on 2022-08-03 04:32:00.564993+00:00
[2022-08-03 04:33:40,273] {standard_task_runner.py:52} INFO - Started process 178 to run task
[2022-08-03 04:33:40,276] {standard_task_runner.py:76} INFO - Running: ['***', 'tasks', 'run', 'data_ingestion_gcs_dag', 'format_to_parquet_task', 'manual__2022-08-03T04:32:00.564993+00:00', '--job-id', '23', '--raw', '--subdir', 'DAGS_FOLDER/data_ingestion_gcs_dag.py', '--cfg-path', '/tmp/tmpqmqli89x', '--error-file', '/tmp/tmpe2688rtp']
[2022-08-03 04:33:40,277] {standard_task_runner.py:77} INFO - Job 23: Subtask format_to_parquet_task
[2022-08-03 04:33:40,365] {logging_mixin.py:109} INFO - Running <TaskInstance: data_ingestion_gcs_dag.format_to_parquet_task manual__2022-08-03T04:32:00.564993+00:00 [running]> on host 31b55d52ebd2
[2022-08-03 04:33:40,456] {taskinstance.py:1426} INFO - Exporting the following env vars:
AIRFLOW_CTX_DAG_OWNER=***
AIRFLOW_CTX_DAG_ID=data_ingestion_gcs_dag
AIRFLOW_CTX_TASK_ID=format_to_parquet_task
AIRFLOW_CTX_EXECUTION_DATE=2022-08-03T04:32:00.564993+00:00
AIRFLOW_CTX_DAG_RUN_ID=manual__2022-08-03T04:32:00.564993+00:00
[2022-08-03 04:33:40,815] {python.py:175} INFO - Done. Returned value was: None
[2022-08-03 04:33:40,834] {taskinstance.py:1277} INFO - Marking task as SUCCESS. dag_id=data_ingestion_gcs_dag, task_id=format_to_parquet_task, execution_date=20220803T043200, start_date=20220803T043340, end_date=20220803T043340
[2022-08-03 04:33:40,932] {local_task_job.py:154} INFO - Task exited with return code 0
[2022-08-03 04:33:40,994] {local_task_job.py:264} INFO - 1 downstream tasks scheduled from follow-on schedule check
