[2022-08-03 03:41:15,500] {taskinstance.py:1032} INFO - Dependencies all met for <TaskInstance: data_ingestion_gcs_dag.download_dataset_task manual__2022-08-03T03:41:12.024957+00:00 [queued]>
[2022-08-03 03:41:15,514] {taskinstance.py:1032} INFO - Dependencies all met for <TaskInstance: data_ingestion_gcs_dag.download_dataset_task manual__2022-08-03T03:41:12.024957+00:00 [queued]>
[2022-08-03 03:41:15,515] {taskinstance.py:1238} INFO - 
--------------------------------------------------------------------------------
[2022-08-03 03:41:15,516] {taskinstance.py:1239} INFO - Starting attempt 1 of 2
[2022-08-03 03:41:15,517] {taskinstance.py:1240} INFO - 
--------------------------------------------------------------------------------
[2022-08-03 03:41:15,537] {taskinstance.py:1259} INFO - Executing <Task(BashOperator): download_dataset_task> on 2022-08-03 03:41:12.024957+00:00
[2022-08-03 03:41:15,545] {standard_task_runner.py:52} INFO - Started process 73 to run task
[2022-08-03 03:41:15,551] {standard_task_runner.py:76} INFO - Running: ['***', 'tasks', 'run', 'data_ingestion_gcs_dag', 'download_dataset_task', 'manual__2022-08-03T03:41:12.024957+00:00', '--job-id', '128', '--raw', '--subdir', 'DAGS_FOLDER/data_ingestion_gcs_dag.py', '--cfg-path', '/tmp/tmpltgfbiad', '--error-file', '/tmp/tmp1vsyr0cy']
[2022-08-03 03:41:15,553] {standard_task_runner.py:77} INFO - Job 128: Subtask download_dataset_task
[2022-08-03 03:41:15,619] {logging_mixin.py:109} INFO - Running <TaskInstance: data_ingestion_gcs_dag.download_dataset_task manual__2022-08-03T03:41:12.024957+00:00 [running]> on host 55af0786f71a
[2022-08-03 03:41:15,696] {taskinstance.py:1426} INFO - Exporting the following env vars:
AIRFLOW_CTX_DAG_OWNER=***
AIRFLOW_CTX_DAG_ID=data_ingestion_gcs_dag
AIRFLOW_CTX_TASK_ID=download_dataset_task
AIRFLOW_CTX_EXECUTION_DATE=2022-08-03T03:41:12.024957+00:00
AIRFLOW_CTX_DAG_RUN_ID=manual__2022-08-03T03:41:12.024957+00:00
[2022-08-03 03:41:15,699] {subprocess.py:62} INFO - Tmp dir root location: 
 /tmp
[2022-08-03 03:41:15,700] {subprocess.py:74} INFO - Running command: ['bash', '-c', 'curl -sS https://storage.cloud.google.com/dtc_data_lake_de-bootcamp-357803/covid-cases.csv > /opt/***/covid-cases.csv']
[2022-08-03 03:41:15,718] {subprocess.py:85} INFO - Output:
[2022-08-03 03:41:15,834] {subprocess.py:93} INFO - Command exited with return code 0
[2022-08-03 03:41:15,881] {taskinstance.py:1277} INFO - Marking task as SUCCESS. dag_id=data_ingestion_gcs_dag, task_id=download_dataset_task, execution_date=20220803T034112, start_date=20220803T034115, end_date=20220803T034115
[2022-08-03 03:41:15,964] {local_task_job.py:154} INFO - Task exited with return code 0
[2022-08-03 03:41:16,056] {local_task_job.py:264} INFO - 1 downstream tasks scheduled from follow-on schedule check
